TN:
SF:src\app.controller.ts
FN:6,(anonymous_2)
FN:9,(anonymous_3)
FNF:2
FNH:0
FNDA:0,(anonymous_2)
FNDA:0,(anonymous_3)
DA:1,0
DA:2,0
DA:5,0
DA:6,0
DA:9,0
DA:10,0
LF:6
LH:0
BRF:0
BRH:0
end_of_record
TN:
SF:src\app.module.ts
FN:71,(anonymous_1)
FNF:1
FNH:0
FNDA:0,(anonymous_1)
DA:2,0
DA:4,0
DA:5,0
DA:6,0
DA:7,0
DA:9,0
DA:10,0
DA:11,0
DA:12,0
DA:13,0
DA:14,0
DA:15,0
DA:16,0
DA:17,0
DA:18,0
DA:19,0
DA:20,0
DA:21,0
DA:22,0
DA:23,0
DA:24,0
DA:25,0
DA:27,0
DA:28,0
DA:70,0
DA:72,0
LF:26
LH:0
BRDA:37,0,0,0
BRDA:37,0,1,0
BRF:2
BRH:0
end_of_record
TN:
SF:src\app.service.ts
FN:6,(anonymous_1)
FNF:1
FNH:0
FNDA:0,(anonymous_1)
DA:2,0
DA:5,0
DA:7,0
LF:3
LH:0
BRF:0
BRH:0
end_of_record
TN:
SF:src\main.serverless.ts
FN:9,createApp
FNF:1
FNH:0
FNDA:0,createApp
DA:1,0
DA:2,0
DA:3,0
DA:4,0
DA:5,0
DA:9,0
DA:10,0
DA:11,0
DA:14,0
DA:16,0
DA:18,0
DA:20,0
DA:35,0
DA:37,0
DA:45,0
DA:47,0
DA:48,0
LF:17
LH:0
BRDA:10,0,0,0
BRDA:10,0,1,0
BRDA:21,1,0,0
BRDA:21,1,1,0
BRF:4
BRH:0
end_of_record
TN:
SF:src\main.ts
FN:8,bootstrap
FNF:1
FNH:0
FNDA:0,bootstrap
DA:1,0
DA:2,0
DA:3,0
DA:4,0
DA:5,0
DA:6,0
DA:9,0
DA:11,0
DA:13,0
DA:15,0
DA:30,0
DA:35,0
DA:43,0
DA:44,0
DA:46,0
DA:51,0
DA:54,0
DA:57,0
DA:60,0
LF:19
LH:0
BRDA:16,0,0,0
BRDA:16,0,1,0
BRDA:43,1,0,0
BRDA:43,1,1,0
BRDA:46,2,0,0
BRDA:46,2,1,0
BRDA:47,3,0,0
BRDA:47,3,1,0
BRDA:47,3,2,0
BRF:9
BRH:0
end_of_record
TN:
SF:src\analytics\analytics.controller.ts
FN:6,(anonymous_4)
FN:9,(anonymous_5)
FN:24,(anonymous_6)
FN:29,(anonymous_7)
FNF:4
FNH:0
FNDA:0,(anonymous_4)
FNDA:0,(anonymous_5)
FNDA:0,(anonymous_6)
FNDA:0,(anonymous_7)
DA:1,0
DA:2,0
DA:5,0
DA:6,0
DA:9,0
DA:15,0
DA:24,0
DA:25,0
DA:29,0
DA:31,0
LF:10
LH:0
BRDA:10,0,0,0
BRF:1
BRH:0
end_of_record
TN:
SF:src\analytics\analytics.module.ts
FNF:0
FNH:0
DA:1,0
DA:2,0
DA:3,0
DA:4,0
DA:12,0
LF:5
LH:0
BRF:0
BRH:0
end_of_record
TN:
SF:src\analytics\analytics.service.ts
FN:10,(anonymous_2)
FN:16,(anonymous_3)
FN:203,(anonymous_4)
FN:303,(anonymous_5)
FN:319,(anonymous_6)
FN:394,(anonymous_7)
FN:403,(anonymous_8)
FN:405,(anonymous_9)
FN:413,(anonymous_10)
FN:438,(anonymous_11)
FN:441,(anonymous_12)
FN:446,(anonymous_13)
FN:456,(anonymous_14)
FN:473,(anonymous_15)
FN:514,(anonymous_16)
FN:528,(anonymous_17)
FN:551,(anonymous_18)
FN:618,(anonymous_19)
FN:619,(anonymous_20)
FN:623,(anonymous_21)
FN:631,(anonymous_22)
FN:637,(anonymous_23)
FN:645,(anonymous_24)
FN:651,(anonymous_25)
FN:656,(anonymous_26)
FN:667,(anonymous_27)
FNF:26
FNH:0
FNDA:0,(anonymous_2)
FNDA:0,(anonymous_3)
FNDA:0,(anonymous_4)
FNDA:0,(anonymous_5)
FNDA:0,(anonymous_6)
FNDA:0,(anonymous_7)
FNDA:0,(anonymous_8)
FNDA:0,(anonymous_9)
FNDA:0,(anonymous_10)
FNDA:0,(anonymous_11)
FNDA:0,(anonymous_12)
FNDA:0,(anonymous_13)
FNDA:0,(anonymous_14)
FNDA:0,(anonymous_15)
FNDA:0,(anonymous_16)
FNDA:0,(anonymous_17)
FNDA:0,(anonymous_18)
FNDA:0,(anonymous_19)
FNDA:0,(anonymous_20)
FNDA:0,(anonymous_21)
FNDA:0,(anonymous_22)
FNDA:0,(anonymous_23)
FNDA:0,(anonymous_24)
FNDA:0,(anonymous_25)
FNDA:0,(anonymous_26)
FNDA:0,(anonymous_27)
DA:1,0
DA:2,0
DA:3,0
DA:4,0
DA:7,0
DA:8,0
DA:10,0
DA:21,0
DA:22,0
DA:41,0
DA:43,0
DA:44,0
DA:47,0
DA:65,0
DA:66,0
DA:68,0
DA:70,0
DA:93,0
DA:94,0
DA:96,0
DA:98,0
DA:115,0
DA:117,0
DA:118,0
DA:123,0
DA:124,0
DA:130,0
DA:131,0
DA:132,0
DA:133,0
DA:135,0
DA:143,0
DA:144,0
DA:166,0
DA:167,0
DA:168,0
DA:193,0
DA:209,0
DA:210,0
DA:212,0
DA:213,0
DA:215,0
DA:217,0
DA:218,0
DA:220,0
DA:221,0
DA:223,0
DA:224,0
DA:226,0
DA:227,0
DA:229,0
DA:230,0
DA:232,0
DA:237,0
DA:247,0
DA:274,0
DA:298,0
DA:303,0
DA:321,0
DA:334,0
DA:351,0
DA:353,0
DA:393,0
DA:394,0
DA:400,0
DA:403,0
DA:404,0
DA:405,0
DA:406,0
DA:412,0
DA:413,0
DA:415,0
DA:437,0
DA:438,0
DA:440,0
DA:441,0
DA:442,0
DA:446,0
DA:447,0
DA:448,0
DA:449,0
DA:452,0
DA:453,0
DA:455,0
DA:456,0
DA:458,0
DA:459,0
DA:464,0
DA:468,0
DA:469,0
DA:470,0
DA:472,0
DA:473,0
DA:476,0
DA:477,0
DA:481,0
DA:482,0
DA:483,0
DA:484,0
DA:485,0
DA:486,0
DA:487,0
DA:492,0
DA:493,0
DA:494,0
DA:495,0
DA:498,0
DA:499,0
DA:504,0
DA:506,0
DA:507,0
DA:515,0
DA:516,0
DA:527,0
DA:528,0
DA:529,0
DA:532,0
DA:541,0
DA:544,0
DA:552,0
DA:553,0
DA:560,0
DA:603,0
DA:618,0
DA:619,0
DA:622,0
DA:623,0
DA:624,0
DA:625,0
DA:626,0
DA:630,0
DA:631,0
DA:632,0
DA:637,0
DA:638,0
DA:644,0
DA:645,0
DA:651,0
DA:656,0
DA:659,0
DA:660,0
DA:668,0
DA:671,0
DA:680,0
DA:702,0
DA:704,0
DA:706,0
DA:708,0
DA:709,0
DA:711,0
DA:715,0
DA:716,0
DA:719,0
DA:723,0
DA:724,0
LF:155
LH:0
BRDA:41,0,0,0
BRDA:41,0,1,0
BRDA:43,1,0,0
BRDA:43,1,1,0
BRDA:65,2,0,0
BRDA:65,2,1,0
BRDA:93,3,0,0
BRDA:93,3,1,0
BRDA:117,4,0,0
BRDA:117,4,1,0
BRDA:123,5,0,0
BRDA:123,5,1,0
BRDA:130,6,0,0
BRDA:130,6,1,0
BRDA:132,7,0,0
BRDA:132,7,1,0
BRDA:147,8,0,0
BRDA:147,8,1,0
BRDA:148,9,0,0
BRDA:148,9,1,0
BRDA:151,10,0,0
BRDA:151,10,1,0
BRDA:152,11,0,0
BRDA:152,11,1,0
BRDA:156,12,0,0
BRDA:156,12,1,0
BRDA:157,13,0,0
BRDA:157,13,1,0
BRDA:158,14,0,0
BRDA:158,14,1,0
BRDA:159,15,0,0
BRDA:159,15,1,0
BRDA:167,16,0,0
BRDA:167,16,1,0
BRDA:173,17,0,0
BRDA:173,17,1,0
BRDA:177,18,0,0
BRDA:177,18,1,0
BRDA:182,19,0,0
BRDA:182,19,1,0
BRDA:184,20,0,0
BRDA:184,20,1,0
BRDA:186,21,0,0
BRDA:186,21,1,0
BRDA:204,22,0,0
BRDA:212,23,0,0
BRDA:212,23,1,0
BRDA:215,24,0,0
BRDA:215,24,1,0
BRDA:215,24,2,0
BRDA:215,24,3,0
BRDA:215,24,4,0
BRDA:215,24,5,0
BRDA:237,25,0,0
BRDA:237,25,1,0
BRDA:252,26,0,0
BRDA:252,26,1,0
BRDA:280,27,0,0
BRDA:280,27,1,0
BRDA:306,28,0,0
BRDA:306,28,1,0
BRDA:307,29,0,0
BRDA:307,29,1,0
BRDA:308,30,0,0
BRDA:308,30,1,0
BRDA:362,31,0,0
BRDA:362,31,1,0
BRDA:393,32,0,0
BRDA:393,32,1,0
BRDA:440,33,0,0
BRDA:440,33,1,0
BRDA:449,34,0,0
BRDA:449,34,1,0
BRDA:452,35,0,0
BRDA:452,35,1,0
BRDA:452,36,0,0
BRDA:452,36,1,0
BRDA:458,37,0,0
BRDA:458,37,1,0
BRDA:464,38,0,0
BRDA:464,38,1,0
BRDA:469,39,0,0
BRDA:469,39,1,0
BRDA:476,40,0,0
BRDA:476,40,1,0
BRDA:476,41,0,0
BRDA:476,41,1,0
BRDA:483,42,0,0
BRDA:483,42,1,0
BRDA:483,43,0,0
BRDA:483,43,1,0
BRDA:486,44,0,0
BRDA:486,44,1,0
BRDA:492,45,0,0
BRDA:492,45,1,0
BRDA:493,46,0,0
BRDA:493,46,1,0
BRDA:494,47,0,0
BRDA:494,47,1,0
BRDA:498,48,0,0
BRDA:498,48,1,0
BRDA:533,49,0,0
BRDA:533,49,1,0
BRDA:534,50,0,0
BRDA:534,50,1,0
BRDA:535,51,0,0
BRDA:535,51,1,0
BRDA:536,52,0,0
BRDA:536,52,1,0
BRDA:537,53,0,0
BRDA:537,53,1,0
BRDA:625,54,0,0
BRDA:625,54,1,0
BRDA:626,55,0,0
BRDA:626,55,1,0
BRDA:634,56,0,0
BRDA:634,56,1,0
BRDA:640,57,0,0
BRDA:640,57,1,0
BRDA:648,58,0,0
BRDA:648,58,1,0
BRDA:654,59,0,0
BRDA:654,59,1,0
BRDA:712,60,0,0
BRDA:712,60,1,0
BRDA:715,61,0,0
BRDA:715,61,1,0
BRDA:715,62,0,0
BRDA:715,62,1,0
BRF:129
BRH:0
end_of_record
TN:
SF:src\auth\auth.controller.ts
FN:19,(anonymous_4)
FN:26,(anonymous_5)
FN:44,(anonymous_6)
FN:90,(anonymous_7)
FN:114,(anonymous_8)
FN:136,(anonymous_9)
FN:149,(anonymous_10)
FNF:7
FNH:0
FNDA:0,(anonymous_4)
FNDA:0,(anonymous_5)
FNDA:0,(anonymous_6)
FNDA:0,(anonymous_7)
FNDA:0,(anonymous_8)
FNDA:0,(anonymous_9)
FNDA:0,(anonymous_10)
DA:1,0
DA:11,0
DA:12,0
DA:13,0
DA:14,0
DA:16,0
DA:17,0
DA:20,0
DA:21,0
DA:26,0
DA:31,0
DA:33,0
DA:37,0
DA:38,0
DA:39,0
DA:44,0
DA:50,0
DA:53,0
DA:54,0
DA:55,0
DA:56,0
DA:60,0
DA:64,0
DA:65,0
DA:66,0
DA:67,0
DA:75,0
DA:76,0
DA:79,0
DA:80,0
DA:83,0
DA:84,0
DA:85,0
DA:90,0
DA:94,0
DA:96,0
DA:100,0
DA:101,0
DA:102,0
DA:105,0
DA:106,0
DA:108,0
DA:109,0
DA:114,0
DA:115,0
DA:117,0
DA:118,0
DA:120,0
DA:121,0
DA:122,0
DA:123,0
DA:125,0
DA:129,0
DA:130,0
DA:132,0
DA:136,0
DA:137,0
DA:139,0
DA:140,0
DA:143,0
DA:145,0
DA:149,0
DA:150,0
DA:151,0
DA:152,0
DA:154,0
LF:66
LH:0
BRDA:27,0,0,0
BRDA:54,1,0,0
BRDA:54,1,1,0
BRDA:75,2,0,0
BRDA:75,2,1,0
BRDA:100,3,0,0
BRDA:100,3,1,0
BRDA:120,4,0,0
BRDA:120,4,1,0
BRDA:139,5,0,0
BRDA:139,5,1,0
BRDA:151,6,0,0
BRDA:151,6,1,0
BRF:13
BRH:0
end_of_record
TN:
SF:src\auth\auth.module.ts
FNF:0
FNH:0
DA:1,0
DA:2,0
DA:3,0
DA:4,0
DA:5,0
DA:6,0
DA:7,0
DA:8,0
DA:9,0
DA:10,0
DA:35,0
LF:11
LH:0
BRF:0
BRH:0
end_of_record
TN:
SF:src\auth\auth.service.ts
FN:11,(anonymous_2)
FN:13,(anonymous_3)
FN:25,(anonymous_4)
FN:29,(anonymous_5)
FN:38,(anonymous_6)
FN:87,(anonymous_7)
FNF:6
FNH:0
FNDA:0,(anonymous_2)
FNDA:0,(anonymous_3)
FNDA:0,(anonymous_4)
FNDA:0,(anonymous_5)
FNDA:0,(anonymous_6)
FNDA:0,(anonymous_7)
DA:1,0
DA:2,0
DA:4,0
DA:5,0
DA:8,0
DA:9,0
DA:11,0
DA:14,0
DA:16,0
DA:22,0
DA:26,0
DA:31,0
DA:33,0
DA:34,0
DA:35,0
DA:39,0
DA:65,0
DA:66,0
DA:69,0
DA:70,0
DA:71,0
DA:72,0
DA:73,0
DA:76,0
DA:79,0
DA:89,0
DA:94,0
DA:95,0
DA:97,0
DA:102,0
DA:103,0
DA:104,0
DA:105,0
DA:106,0
DA:109,0
DA:112,0
LF:36
LH:0
BRDA:65,0,0,0
BRDA:65,0,1,0
BRDA:69,1,0,0
BRDA:69,1,1,0
BRDA:69,2,0,0
BRDA:69,2,1,0
BRDA:72,3,0,0
BRDA:72,3,1,0
BRDA:82,4,0,0
BRDA:82,4,1,0
BRDA:94,5,0,0
BRDA:94,5,1,0
BRDA:102,6,0,0
BRDA:102,6,1,0
BRDA:102,7,0,0
BRDA:102,7,1,0
BRDA:105,8,0,0
BRDA:105,8,1,0
BRF:18
BRH:0
end_of_record
TN:
SF:src\auth\decorators\current-user.decorator.ts
FN:11,(anonymous_0)
FNF:1
FNH:0
FNDA:0,(anonymous_0)
DA:1,0
DA:10,0
DA:12,0
DA:13,0
LF:4
LH:0
BRF:0
BRH:0
end_of_record
TN:
SF:src\auth\decorators\permissions.decorator.ts
FN:5,(anonymous_0)
FNF:1
FNH:0
FNDA:0,(anonymous_0)
DA:2,0
DA:4,0
DA:5,0
DA:6,0
LF:4
LH:0
BRF:0
BRH:0
end_of_record
TN:
SF:src\auth\decorators\public.decorator.ts
FN:5,(anonymous_0)
FNF:1
FNH:0
FNDA:0,(anonymous_0)
DA:2,0
DA:4,0
DA:5,0
LF:3
LH:0
BRF:0
BRH:0
end_of_record
TN:
SF:src\auth\guards\auth.guard.ts
FN:7,(anonymous_2)
FN:12,(anonymous_3)
FNF:2
FNH:0
FNDA:0,(anonymous_2)
FNDA:0,(anonymous_3)
DA:1,0
DA:2,0
DA:3,0
DA:6,0
DA:8,0
DA:9,0
DA:13,0
DA:14,0
DA:17,0
LF:9
LH:0
BRDA:13,0,0,0
BRDA:13,0,1,0
BRF:2
BRH:0
end_of_record
TN:
SF:src\auth\guards\jwt-auth.guard.ts
FN:19,(anonymous_13)
FN:24,(anonymous_14)
FN:62,(anonymous_15)
FN:63,(anonymous_16)
FN:66,(anonymous_17)
FN:71,(anonymous_18)
FN:94,(anonymous_19)
FN:107,(anonymous_20)
FNF:8
FNH:0
FNDA:0,(anonymous_13)
FNDA:0,(anonymous_14)
FNDA:0,(anonymous_15)
FNDA:0,(anonymous_16)
FNDA:0,(anonymous_17)
FNDA:0,(anonymous_18)
FNDA:0,(anonymous_19)
FNDA:0,(anonymous_20)
DA:1,0
DA:8,0
DA:10,0
DA:11,0
DA:12,0
DA:13,0
DA:16,0
DA:17,0
DA:21,0
DA:25,0
DA:26,0
DA:28,0
DA:29,0
DA:30,0
DA:33,0
DA:34,0
DA:36,0
DA:44,0
DA:47,0
DA:48,0
DA:49,0
DA:52,0
DA:54,0
DA:55,0
DA:63,0
DA:64,0
DA:67,0
DA:68,0
DA:71,0
DA:72,0
DA:73,0
DA:77,0
DA:80,0
DA:81,0
DA:82,0
DA:85,0
DA:95,0
DA:96,0
DA:98,0
DA:108,0
DA:109,0
DA:112,0
DA:113,0
DA:115,0
DA:116,0
LF:45
LH:0
BRDA:28,0,0,0
BRDA:28,0,1,0
BRDA:39,1,0,0
BRDA:39,1,1,0
BRDA:40,2,0,0
BRDA:40,2,1,0
BRDA:48,3,0,0
BRDA:48,3,1,0
BRDA:54,4,0,0
BRDA:54,4,1,0
BRDA:67,5,0,0
BRDA:67,5,1,0
BRDA:72,6,0,0
BRDA:72,6,1,0
BRDA:81,7,0,0
BRDA:81,7,1,0
BRDA:95,8,0,0
BRDA:95,8,1,0
BRDA:108,9,0,0
BRDA:108,9,1,0
BRDA:113,10,0,0
BRDA:113,10,1,0
BRDA:116,11,0,0
BRDA:116,11,1,0
BRF:24
BRH:0
end_of_record
TN:
SF:src\auth\guards\permissions.guard.ts
FN:12,(anonymous_2)
FN:14,(anonymous_3)
FN:30,(anonymous_4)
FNF:3
FNH:0
FNDA:0,(anonymous_2)
FNDA:0,(anonymous_3)
FNDA:0,(anonymous_4)
DA:1,0
DA:7,0
DA:8,0
DA:11,0
DA:12,0
DA:15,0
DA:21,0
DA:22,0
DA:25,0
DA:26,0
DA:28,0
DA:30,0
DA:31,0
DA:34,0
DA:35,0
DA:38,0
LF:16
LH:0
BRDA:21,0,0,0
BRDA:21,0,1,0
BRDA:21,1,0,0
BRDA:21,1,1,0
BRDA:28,2,0,0
BRDA:28,2,1,0
BRDA:34,3,0,0
BRDA:34,3,1,0
BRF:8
BRH:0
end_of_record
TN:
SF:src\auth\guards\public-auth.guard.ts
FN:8,(anonymous_2)
FN:10,(anonymous_3)
FNF:2
FNH:0
FNDA:0,(anonymous_2)
FNDA:0,(anonymous_3)
DA:2,0
DA:3,0
DA:4,0
DA:7,0
DA:8,0
DA:11,0
LF:6
LH:0
BRF:0
BRH:0
end_of_record
TN:
SF:src\auth\jwt\jwks.provider.ts
FN:10,(anonymous_1)
FNF:1
FNH:0
FNDA:0,(anonymous_1)
DA:2,0
DA:3,0
DA:5,0
DA:7,0
DA:11,0
DA:12,0
DA:13,0
DA:16,0
LF:8
LH:0
BRDA:12,0,0,0
BRDA:12,0,1,0
BRF:2
BRH:0
end_of_record
TN:
SF:src\auth\keycloak\keycloak.service.ts
FN:8,(anonymous_2)
FN:39,(anonymous_3)
FN:69,(anonymous_4)
FN:88,(anonymous_5)
FNF:4
FNH:0
FNDA:0,(anonymous_2)
FNDA:0,(anonymous_3)
FNDA:0,(anonymous_4)
FNDA:0,(anonymous_5)
DA:1,0
DA:2,0
DA:3,0
DA:5,0
DA:6,0
DA:9,0
DA:11,0
DA:12,0
DA:28,0
DA:29,0
DA:31,0
DA:35,0
DA:40,0
DA:42,0
DA:43,0
DA:58,0
DA:59,0
DA:61,0
DA:65,0
DA:70,0
DA:72,0
DA:74,0
DA:75,0
DA:76,0
DA:77,0
DA:78,0
DA:79,0
DA:81,0
DA:82,0
DA:85,0
DA:89,0
DA:91,0
DA:92,0
DA:106,0
DA:108,0
DA:112,0
LF:36
LH:0
BRDA:33,0,0,0
BRDA:33,0,1,0
BRDA:63,1,0,0
BRDA:63,1,1,0
BRDA:81,2,0,0
BRDA:81,2,1,0
BRDA:110,3,0,0
BRDA:110,3,1,0
BRF:8
BRH:0
end_of_record
TN:
SF:src\auth\utils\cookie-domain.util.ts
FN:3,cookieOptions
FN:16,resolveCookieDomain
FNF:2
FNH:0
FNDA:0,cookieOptions
FNDA:0,resolveCookieDomain
DA:3,0
DA:4,0
DA:16,0
DA:17,0
DA:19,0
DA:24,0
DA:27,0
DA:29,0
DA:30,0
DA:33,0
LF:10
LH:0
BRDA:9,0,0,0
BRDA:9,0,1,0
BRDA:12,1,0,0
BRDA:12,1,1,0
BRDA:19,2,0,0
BRDA:19,2,1,0
BRDA:20,3,0,0
BRDA:20,3,1,0
BRDA:20,3,2,0
BRDA:29,4,0,0
BRDA:29,4,1,0
BRF:11
BRH:0
end_of_record
TN:
SF:src\billing\billing.module.ts
FN:35,(anonymous_1)
FNF:1
FNH:0
FNDA:0,(anonymous_1)
DA:1,0
DA:2,0
DA:4,0
DA:5,0
DA:7,0
DA:8,0
DA:9,0
DA:10,0
DA:11,0
DA:12,0
DA:13,0
DA:14,0
DA:16,0
DA:35,0
DA:37,0
LF:15
LH:0
BRF:0
BRH:0
end_of_record
TN:
SF:src\billing\controller\billing-context.controller.ts
FN:20,(anonymous_4)
FN:23,(anonymous_5)
FN:28,(anonymous_6)
FN:36,(anonymous_7)
FN:44,(anonymous_8)
FN:52,(anonymous_9)
FN:93,(anonymous_10)
FNF:7
FNH:0
FNDA:0,(anonymous_4)
FNDA:0,(anonymous_5)
FNDA:0,(anonymous_6)
FNDA:0,(anonymous_7)
FNDA:0,(anonymous_8)
FNDA:0,(anonymous_9)
FNDA:0,(anonymous_10)
DA:5,0
DA:16,0
DA:19,0
DA:20,0
DA:23,0
DA:24,0
DA:28,0
DA:32,0
DA:36,0
DA:40,0
DA:44,0
DA:48,0
DA:52,0
DA:60,0
DA:73,0
DA:74,0
DA:75,0
DA:76,0
DA:77,0
DA:78,0
DA:82,0
DA:89,0
DA:93,0
DA:94,0
LF:24
LH:0
BRDA:61,0,0,0
BRDA:61,0,1,0
BRDA:62,1,0,0
BRDA:62,1,1,0
BRDA:63,2,0,0
BRDA:63,2,1,0
BRDA:65,3,0,0
BRDA:65,3,1,0
BRDA:67,4,0,0
BRDA:67,4,1,0
BRDA:73,5,0,0
BRDA:73,5,1,0
BRF:12
BRH:0
end_of_record
TN:
SF:src\billing\controller\billing-finalize.controller.ts
FN:9,(anonymous_4)
FN:12,(anonymous_5)
FN:37,(anonymous_6)
FN:59,(anonymous_7)
FNF:4
FNH:0
FNDA:0,(anonymous_4)
FNDA:0,(anonymous_5)
FNDA:0,(anonymous_6)
FNDA:0,(anonymous_7)
DA:2,0
DA:3,0
DA:4,0
DA:5,0
DA:8,0
DA:9,0
DA:12,0
DA:20,0
DA:22,0
DA:23,0
DA:25,0
DA:27,0
DA:37,0
DA:44,0
DA:46,0
DA:47,0
DA:49,0
DA:51,0
DA:59,0
DA:60,0
LF:20
LH:0
BRDA:22,0,0,0
BRDA:22,0,1,0
BRDA:46,1,0,0
BRDA:46,1,1,0
BRF:4
BRH:0
end_of_record
TN:
SF:src\billing\formula\formula-compiler.ts
FN:7,(anonymous_1)
FNF:1
FNH:1
FNDA:21,(anonymous_1)
DA:1,4
DA:4,4
DA:5,9
DA:8,21
DA:9,21
DA:10,7
DA:13,14
DA:15,14
DA:16,14
LF:9
LH:9
BRDA:9,0,0,7
BRDA:9,0,1,14
BRF:2
BRH:2
end_of_record
TN:
SF:src\billing\formula\math-only.formula.engine.ts
FN:10,(anonymous_1)
FNF:1
FNH:1
FNDA:15,(anonymous_1)
DA:1,4
DA:2,4
DA:3,4
DA:7,4
DA:8,11
DA:11,15
DA:15,15
LF:7
LH:7
BRF:0
BRH:0
end_of_record
TN:
SF:src\billing\services\billing-calculator.service.ts
FN:15,(anonymous_3)
FN:21,(anonymous_4)
FN:129,(anonymous_5)
FN:159,(anonymous_6)
FNF:4
FNH:3
FNDA:2,(anonymous_3)
FNDA:7,(anonymous_4)
FNDA:0,(anonymous_5)
FNDA:2,(anonymous_6)
DA:1,3
DA:2,3
DA:3,3
DA:4,3
DA:5,3
DA:6,3
DA:7,3
DA:8,3
DA:9,3
DA:12,3
DA:13,2
DA:16,2
DA:17,2
DA:18,2
DA:26,7
DA:35,7
DA:39,7
DA:41,7
DA:42,7
DA:44,7
DA:45,7
DA:46,7
DA:47,7
DA:49,7
DA:53,7
DA:55,7
DA:57,7
DA:63,7
DA:64,12
DA:65,2
DA:66,0
DA:67,0
DA:71,2
DA:78,5
DA:79,5
DA:81,5
DA:82,5
DA:84,5
DA:88,5
DA:135,0
DA:137,0
DA:141,0
DA:143,0
DA:144,0
DA:146,0
DA:147,0
DA:153,0
DA:160,2
DA:161,2
DA:163,1
DA:167,1
DA:169,1
DA:174,1
DA:175,2
DA:176,0
DA:180,1
DA:181,1
LF:57
LH:46
BRDA:23,0,0,5
BRDA:24,1,0,6
BRDA:39,2,0,7
BRDA:39,2,1,0
BRDA:47,3,0,0
BRDA:47,3,1,7
BRDA:53,4,0,7
BRDA:53,4,1,6
BRDA:64,5,0,2
BRDA:64,5,1,10
BRDA:65,6,0,0
BRDA:65,6,1,2
BRDA:159,7,0,0
BRDA:161,8,0,1
BRDA:161,8,1,1
BRDA:175,9,0,0
BRDA:175,9,1,2
BRF:17
BRH:12
end_of_record
TN:
SF:src\billing\services\billing-context.resolver.ts
FN:6,(anonymous_1)
FNF:1
FNH:0
FNDA:0,(anonymous_1)
DA:1,0
DA:5,0
DA:7,0
DA:16,0
DA:18,0
LF:5
LH:0
BRDA:16,0,0,0
BRDA:16,0,1,0
BRF:2
BRH:0
end_of_record
TN:
SF:src\billing\services\billing-context.service.ts
FN:13,(anonymous_2)
FN:19,(anonymous_3)
FN:24,(anonymous_4)
FN:55,(anonymous_5)
FN:85,(anonymous_6)
FN:188,(anonymous_7)
FN:190,(anonymous_8)
FN:199,(anonymous_9)
FN:202,(anonymous_10)
FN:205,(anonymous_11)
FN:231,(anonymous_12)
FN:239,(anonymous_13)
FN:253,(anonymous_14)
FN:283,(anonymous_15)
FN:354,(anonymous_16)
FN:439,(anonymous_17)
FN:442,(anonymous_18)
FN:479,(anonymous_19)
FN:487,(anonymous_20)
FN:504,(anonymous_21)
FN:521,(anonymous_22)
FN:534,(anonymous_23)
FN:539,(anonymous_24)
FN:548,(anonymous_25)
FN:551,(anonymous_26)
FN:552,(anonymous_27)
FNF:26
FNH:0
FNDA:0,(anonymous_2)
FNDA:0,(anonymous_3)
FNDA:0,(anonymous_4)
FNDA:0,(anonymous_5)
FNDA:0,(anonymous_6)
FNDA:0,(anonymous_7)
FNDA:0,(anonymous_8)
FNDA:0,(anonymous_9)
FNDA:0,(anonymous_10)
FNDA:0,(anonymous_11)
FNDA:0,(anonymous_12)
FNDA:0,(anonymous_13)
FNDA:0,(anonymous_14)
FNDA:0,(anonymous_15)
FNDA:0,(anonymous_16)
FNDA:0,(anonymous_17)
FNDA:0,(anonymous_18)
FNDA:0,(anonymous_19)
FNDA:0,(anonymous_20)
FNDA:0,(anonymous_21)
FNDA:0,(anonymous_22)
FNDA:0,(anonymous_23)
FNDA:0,(anonymous_24)
FNDA:0,(anonymous_25)
FNDA:0,(anonymous_26)
FNDA:0,(anonymous_27)
DA:2,0
DA:3,0
DA:4,0
DA:5,0
DA:6,0
DA:7,0
DA:10,0
DA:11,0
DA:14,0
DA:15,0
DA:16,0
DA:20,0
DA:22,0
DA:24,0
DA:25,0
DA:26,0
DA:34,0
DA:35,0
DA:40,0
DA:42,0
DA:43,0
DA:44,0
DA:47,0
DA:55,0
DA:63,0
DA:67,0
DA:74,0
DA:75,0
DA:79,0
DA:82,0
DA:92,0
DA:96,0
DA:98,0
DA:134,0
DA:185,0
DA:186,0
DA:188,0
DA:190,0
DA:191,0
DA:194,0
DA:195,0
DA:199,0
DA:200,0
DA:201,0
DA:202,0
DA:204,0
DA:205,0
DA:208,0
DA:232,0
DA:233,0
DA:234,0
DA:237,0
DA:240,0
DA:241,0
DA:242,0
DA:245,0
DA:249,0
DA:251,0
DA:254,0
DA:255,0
DA:256,0
DA:259,0
DA:260,0
DA:262,0
DA:270,0
DA:284,0
DA:286,0
DA:340,0
DA:341,0
DA:344,0
DA:346,0
DA:355,0
DA:357,0
DA:359,0
DA:362,0
DA:367,0
DA:368,0
DA:369,0
DA:372,0
DA:373,0
DA:377,0
DA:378,0
DA:381,0
DA:390,0
DA:393,0
DA:403,0
DA:404,0
DA:424,0
DA:439,0
DA:442,0
DA:480,0
DA:481,0
DA:482,0
DA:485,0
DA:488,0
DA:489,0
DA:490,0
DA:493,0
DA:497,0
DA:502,0
DA:505,0
DA:506,0
DA:507,0
DA:510,0
DA:511,0
DA:513,0
DA:522,0
DA:524,0
DA:535,0
DA:537,0
DA:539,0
DA:540,0
DA:548,0
DA:550,0
DA:551,0
DA:552,0
DA:557,0
DA:558,0
DA:559,0
DA:562,0
DA:567,0
DA:569,0
LF:122
LH:0
BRDA:22,0,0,0
BRDA:25,1,0,0
BRDA:25,1,1,0
BRDA:34,2,0,0
BRDA:34,2,1,0
BRDA:42,3,0,0
BRDA:42,3,1,0
BRDA:43,4,0,0
BRDA:43,4,1,0
BRDA:50,5,0,0
BRDA:50,5,1,0
BRDA:52,6,0,0
BRDA:52,6,1,0
BRDA:70,7,0,0
BRDA:70,7,1,0
BRDA:74,8,0,0
BRDA:74,8,1,0
BRDA:86,9,0,0
BRDA:87,10,0,0
BRDA:88,11,0,0
BRDA:89,12,0,0
BRDA:101,13,0,0
BRDA:101,13,1,0
BRDA:109,14,0,0
BRDA:109,14,1,0
BRDA:194,15,0,0
BRDA:194,15,1,0
BRDA:217,16,0,0
BRDA:217,16,1,0
BRDA:233,17,0,0
BRDA:233,17,1,0
BRDA:241,18,0,0
BRDA:241,18,1,0
BRDA:245,19,0,0
BRDA:245,19,1,0
BRDA:246,20,0,0
BRDA:246,20,1,0
BRDA:255,21,0,0
BRDA:255,21,1,0
BRDA:259,22,0,0
BRDA:259,22,1,0
BRDA:340,23,0,0
BRDA:340,23,1,0
BRDA:359,24,0,0
BRDA:359,24,1,0
BRDA:362,25,0,0
BRDA:362,25,1,0
BRDA:363,26,0,0
BRDA:363,26,1,0
BRDA:363,26,2,0
BRDA:368,27,0,0
BRDA:368,27,1,0
BRDA:377,28,0,0
BRDA:377,28,1,0
BRDA:390,29,0,0
BRDA:390,29,1,0
BRDA:403,30,0,0
BRDA:403,30,1,0
BRDA:405,31,0,0
BRDA:405,31,1,0
BRDA:406,32,0,0
BRDA:406,32,1,0
BRDA:407,33,0,0
BRDA:407,33,1,0
BRDA:409,34,0,0
BRDA:409,34,1,0
BRDA:413,35,0,0
BRDA:413,35,1,0
BRDA:417,36,0,0
BRDA:417,36,1,0
BRDA:420,37,0,0
BRDA:420,37,1,0
BRDA:444,38,0,0
BRDA:444,38,1,0
BRDA:451,39,0,0
BRDA:451,39,1,0
BRDA:453,40,0,0
BRDA:453,40,1,0
BRDA:454,41,0,0
BRDA:454,41,1,0
BRDA:454,41,2,0
BRDA:460,42,0,0
BRDA:460,42,1,0
BRDA:481,43,0,0
BRDA:481,43,1,0
BRDA:489,44,0,0
BRDA:489,44,1,0
BRDA:493,45,0,0
BRDA:493,45,1,0
BRDA:494,46,0,0
BRDA:494,46,1,0
BRDA:506,47,0,0
BRDA:506,47,1,0
BRDA:510,48,0,0
BRDA:510,48,1,0
BRDA:557,49,0,0
BRDA:557,49,1,0
BRF:97
BRH:0
end_of_record
TN:
SF:src\billing\services\billing-snapshot.service.ts
FN:26,(anonymous_3)
FN:34,(anonymous_4)
FN:63,(anonymous_5)
FN:120,(anonymous_6)
FN:131,(anonymous_7)
FN:164,(anonymous_8)
FN:173,(anonymous_9)
FN:174,(anonymous_10)
FN:257,(anonymous_11)
FN:319,(anonymous_12)
FN:442,(anonymous_13)
FN:458,(anonymous_14)
FN:487,(anonymous_15)
FN:512,(anonymous_16)
FN:697,(anonymous_17)
FN:711,(anonymous_18)
FN:726,(anonymous_19)
FN:731,(anonymous_20)
FNF:18
FNH:0
FNDA:0,(anonymous_3)
FNDA:0,(anonymous_4)
FNDA:0,(anonymous_5)
FNDA:0,(anonymous_6)
FNDA:0,(anonymous_7)
FNDA:0,(anonymous_8)
FNDA:0,(anonymous_9)
FNDA:0,(anonymous_10)
FNDA:0,(anonymous_11)
FNDA:0,(anonymous_12)
FNDA:0,(anonymous_13)
FNDA:0,(anonymous_14)
FNDA:0,(anonymous_15)
FNDA:0,(anonymous_16)
FNDA:0,(anonymous_17)
FNDA:0,(anonymous_18)
FNDA:0,(anonymous_19)
FNDA:0,(anonymous_20)
DA:2,0
DA:3,0
DA:10,0
DA:11,0
DA:12,0
DA:13,0
DA:14,0
DA:15,0
DA:19,0
DA:20,0
DA:23,0
DA:24,0
DA:27,0
DA:28,0
DA:29,0
DA:30,0
DA:31,0
DA:40,0
DA:42,0
DA:47,0
DA:48,0
DA:49,0
DA:57,0
DA:71,0
DA:76,0
DA:86,0
DA:91,0
DA:93,0
DA:98,0
DA:124,0
DA:128,0
DA:136,0
DA:143,0
DA:156,0
DA:157,0
DA:160,0
DA:161,0
DA:164,0
DA:169,0
DA:170,0
DA:172,0
DA:174,0
DA:175,0
DA:191,0
DA:219,0
DA:221,0
DA:222,0
DA:223,0
DA:233,0
DA:235,0
DA:236,0
DA:238,0
DA:239,0
DA:242,0
DA:243,0
DA:246,0
DA:252,0
DA:257,0
DA:258,0
DA:263,0
DA:266,0
DA:283,0
DA:284,0
DA:285,0
DA:286,0
DA:289,0
DA:291,0
DA:292,0
DA:295,0
DA:296,0
DA:298,0
DA:310,0
DA:319,0
DA:350,0
DA:351,0
DA:352,0
DA:361,0
DA:362,0
DA:365,0
DA:370,0
DA:378,0
DA:379,0
DA:382,0
DA:385,0
DA:386,0
DA:388,0
DA:390,0
DA:392,0
DA:396,0
DA:401,0
DA:406,0
DA:410,0
DA:417,0
DA:428,0
DA:432,0
DA:433,0
DA:434,0
DA:435,0
DA:436,0
DA:443,0
DA:452,0
DA:472,0
DA:474,0
DA:494,0
DA:499,0
DA:507,0
DA:512,0
DA:514,0
DA:524,0
DA:529,0
DA:532,0
DA:552,0
DA:553,0
DA:556,0
DA:557,0
DA:560,0
DA:562,0
DA:563,0
DA:566,0
DA:567,0
DA:569,0
DA:582,0
DA:612,0
DA:615,0
DA:616,0
DA:617,0
DA:621,0
DA:628,0
DA:631,0
DA:633,0
DA:635,0
DA:637,0
DA:639,0
DA:640,0
DA:644,0
DA:647,0
DA:652,0
DA:656,0
DA:660,0
DA:664,0
DA:671,0
DA:672,0
DA:676,0
DA:681,0
DA:684,0
DA:690,0
DA:694,0
DA:695,0
DA:698,0
DA:705,0
DA:716,0
DA:734,0
DA:735,0
DA:739,0
DA:749,0
DA:750,0
DA:753,0
DA:761,0
DA:762,0
DA:766,0
DA:768,0
DA:770,0
DA:772,0
DA:773,0
DA:776,0
DA:777,0
DA:778,0
DA:779,0
DA:780,0
DA:785,0
LF:170
LH:0
BRDA:40,0,0,0
BRDA:40,0,1,0
BRDA:47,1,0,0
BRDA:47,1,1,0
BRDA:52,2,0,0
BRDA:52,2,1,0
BRDA:58,3,0,0
BRDA:58,3,1,0
BRDA:72,4,0,0
BRDA:72,4,1,0
BRDA:91,5,0,0
BRDA:91,5,1,0
BRDA:156,6,0,0
BRDA:156,6,1,0
BRDA:156,7,0,0
BRDA:156,7,1,0
BRDA:160,8,0,0
BRDA:160,8,1,0
BRDA:169,9,0,0
BRDA:169,9,1,0
BRDA:169,10,0,0
BRDA:169,10,1,0
BRDA:238,11,0,0
BRDA:238,11,1,0
BRDA:242,12,0,0
BRDA:242,12,1,0
BRDA:263,13,0,0
BRDA:263,13,1,0
BRDA:284,14,0,0
BRDA:284,14,1,0
BRDA:286,15,0,0
BRDA:286,15,1,0
BRDA:291,16,0,0
BRDA:291,16,1,0
BRDA:292,17,0,0
BRDA:292,17,1,0
BRDA:298,18,0,0
BRDA:298,18,1,0
BRDA:350,19,0,0
BRDA:350,19,1,0
BRDA:361,20,0,0
BRDA:361,20,1,0
BRDA:378,21,0,0
BRDA:378,21,1,0
BRDA:386,22,0,0
BRDA:386,22,1,0
BRDA:390,23,0,0
BRDA:390,23,1,0
BRDA:397,24,0,0
BRDA:397,24,1,0
BRDA:432,25,0,0
BRDA:432,25,1,0
BRDA:435,26,0,0
BRDA:435,26,1,0
BRDA:529,27,0,0
BRDA:529,27,1,0
BRDA:552,28,0,0
BRDA:552,28,1,0
BRDA:557,29,0,0
BRDA:557,29,1,0
BRDA:562,30,0,0
BRDA:562,30,1,0
BRDA:563,31,0,0
BRDA:563,31,1,0
BRDA:569,32,0,0
BRDA:569,32,1,0
BRDA:603,33,0,0
BRDA:603,33,1,0
BRDA:615,34,0,0
BRDA:615,34,1,0
BRDA:633,35,0,0
BRDA:633,35,1,0
BRDA:637,36,0,0
BRDA:637,36,1,0
BRDA:639,37,0,0
BRDA:639,37,1,0
BRDA:645,38,0,0
BRDA:645,38,1,0
BRDA:671,39,0,0
BRDA:671,39,1,0
BRDA:694,40,0,0
BRDA:694,40,1,0
BRDA:734,41,0,0
BRDA:734,41,1,0
BRDA:749,42,0,0
BRDA:749,42,1,0
BRDA:761,43,0,0
BRDA:761,43,1,0
BRDA:766,44,0,0
BRDA:766,44,1,0
BRDA:768,45,0,0
BRDA:768,45,1,0
BRDA:770,46,0,0
BRDA:770,46,1,0
BRDA:772,47,0,0
BRDA:772,47,1,0
BRDA:776,48,0,0
BRDA:776,48,1,0
BRDA:779,49,0,0
BRDA:779,49,1,0
BRF:100
BRH:0
end_of_record
TN:
SF:src\billing\services\billing.service.ts
FN:17,(anonymous_2)
FN:23,(anonymous_3)
FN:37,(anonymous_4)
FNF:3
FNH:0
FNDA:0,(anonymous_2)
FNDA:0,(anonymous_3)
FNDA:0,(anonymous_4)
DA:1,0
DA:6,0
DA:7,0
DA:8,0
DA:9,0
DA:10,0
DA:11,0
DA:14,0
DA:15,0
DA:18,0
DA:19,0
DA:20,0
DA:24,0
DA:26,0
DA:27,0
DA:28,0
DA:31,0
DA:32,0
DA:42,0
DA:46,0
DA:48,0
DA:58,0
DA:59,0
DA:62,0
DA:63,0
DA:64,0
DA:68,0
DA:73,0
DA:76,0
DA:77,0
DA:78,0
DA:83,0
DA:88,0
DA:90,0
DA:92,0
DA:94,0
DA:96,0
LF:37
LH:0
BRDA:27,0,0,0
BRDA:27,0,1,0
BRDA:31,1,0,0
BRDA:31,1,1,0
BRDA:31,2,0,0
BRDA:31,2,1,0
BRDA:40,3,0,0
BRDA:58,4,0,0
BRDA:58,4,1,0
BRDA:63,5,0,0
BRDA:63,5,1,0
BRDA:77,6,0,0
BRDA:77,6,1,0
BRDA:77,7,0,0
BRDA:77,7,1,0
BRF:15
BRH:0
end_of_record
TN:
SF:src\billing\types\billing-snapshot.types.ts
FN:3,isOrderBillingInputs
FNF:1
FNH:0
FNDA:0,isOrderBillingInputs
DA:3,0
DA:6,0
DA:7,0
DA:10,0
DA:12,0
DA:14,0
DA:17,0
DA:18,0
DA:21,0
DA:24,0
DA:25,0
DA:30,0
DA:31,0
DA:35,0
LF:14
LH:0
BRDA:6,0,0,0
BRDA:6,0,1,0
BRDA:6,1,0,0
BRDA:6,1,1,0
BRDA:14,2,0,0
BRDA:14,2,1,0
BRDA:17,3,0,0
BRDA:17,3,1,0
BRDA:17,4,0,0
BRDA:17,4,1,0
BRDA:17,4,2,0
BRDA:21,5,0,0
BRDA:21,5,1,0
BRDA:24,6,0,0
BRDA:24,6,1,0
BRDA:24,7,0,0
BRDA:24,7,1,0
BRDA:30,8,0,0
BRDA:30,8,1,0
BRDA:30,9,0,0
BRDA:30,9,1,0
BRF:21
BRH:0
end_of_record
TN:
SF:src\billing\utils\field-mapper.ts
FN:1,normalizeFieldKey
FN:9,extractNumericVariables
FNF:2
FNH:2
FNDA:24,normalizeFieldKey
FNDA:16,extractNumericVariables
DA:1,4
DA:2,24
DA:9,4
DA:12,16
DA:14,16
DA:15,19
DA:17,19
DA:18,11
DA:19,8
DA:21,3
DA:22,3
DA:23,3
DA:24,2
DA:29,16
LF:14
LH:14
BRDA:17,0,0,11
BRDA:17,0,1,8
BRDA:17,1,0,19
BRDA:17,1,1,13
BRDA:19,2,0,3
BRDA:19,2,1,5
BRDA:23,3,0,2
BRDA:23,3,1,1
BRDA:23,4,0,3
BRDA:23,4,1,2
BRF:10
BRH:10
end_of_record
TN:
SF:src\billing\utils\formula-checksum.ts
FN:3,checksumFormula
FNF:1
FNH:1
FNDA:13,checksumFormula
DA:1,4
DA:3,4
DA:4,13
LF:3
LH:3
BRF:0
BRH:0
end_of_record
TN:
SF:src\billing\utils\formula-variable-extractor.ts
FN:3,extractFormulaVariables
FN:7,(anonymous_1)
FNF:2
FNH:2
FNDA:14,extractFormulaVariables
FNDA:45,(anonymous_1)
DA:1,4
DA:3,4
DA:4,14
DA:6,14
DA:7,14
DA:8,45
DA:9,27
DA:13,14
LF:8
LH:8
BRDA:8,0,0,27
BRDA:8,0,1,18
BRF:2
BRH:2
end_of_record
TN:
SF:src\billing\utils\money.ts
FN:3,toMoney
FNF:1
FNH:1
FNDA:6,toMoney
DA:1,1
DA:3,1
DA:4,6
LF:3
LH:3
BRF:0
BRH:0
end_of_record
TN:
SF:src\common\cloudflare.service.ts
FN:20,(anonymous_12)
FN:62,(anonymous_13)
FN:156,(anonymous_14)
FN:203,(anonymous_15)
FN:208,(anonymous_16)
FN:220,(anonymous_17)
FN:237,(anonymous_18)
FN:261,(anonymous_19)
FN:288,(anonymous_20)
FN:289,(anonymous_21)
FN:296,(anonymous_22)
FN:304,(anonymous_23)
FN:312,(anonymous_24)
FN:329,(anonymous_25)
FN:337,(anonymous_26)
FN:341,(anonymous_27)
FN:362,(anonymous_28)
FNF:17
FNH:0
FNDA:0,(anonymous_12)
FNDA:0,(anonymous_13)
FNDA:0,(anonymous_14)
FNDA:0,(anonymous_15)
FNDA:0,(anonymous_16)
FNDA:0,(anonymous_17)
FNDA:0,(anonymous_18)
FNDA:0,(anonymous_19)
FNDA:0,(anonymous_20)
FNDA:0,(anonymous_21)
FNDA:0,(anonymous_22)
FNDA:0,(anonymous_23)
FNDA:0,(anonymous_24)
FNDA:0,(anonymous_25)
FNDA:0,(anonymous_26)
FNDA:0,(anonymous_27)
FNDA:0,(anonymous_28)
DA:1,1
DA:7,1
DA:8,1
DA:9,1
DA:10,1
DA:11,1
DA:14,1
DA:15,0
DA:20,0
DA:21,0
DA:22,0
DA:23,0
DA:26,0
DA:28,0
DA:29,0
DA:31,0
DA:38,0
DA:43,0
DA:52,0
DA:67,0
DA:68,0
DA:71,0
DA:72,0
DA:75,0
DA:78,0
DA:82,0
DA:83,0
DA:84,0
DA:85,0
DA:87,0
DA:88,0
DA:90,0
DA:91,0
DA:92,0
DA:96,0
DA:97,0
DA:101,0
DA:102,0
DA:110,0
DA:111,0
DA:117,0
DA:123,0
DA:128,0
DA:130,0
DA:131,0
DA:135,0
DA:136,0
DA:140,0
DA:145,0
DA:162,0
DA:163,0
DA:166,0
DA:167,0
DA:168,0
DA:174,0
DA:176,0
DA:183,0
DA:184,0
DA:186,0
DA:187,0
DA:189,0
DA:191,0
DA:192,0
DA:208,0
DA:209,0
DA:210,0
DA:213,0
DA:221,0
DA:222,0
DA:224,0
DA:229,0
DA:230,0
DA:232,0
DA:233,0
DA:238,0
DA:239,0
DA:241,0
DA:243,0
DA:250,0
DA:252,0
DA:253,0
DA:262,0
DA:263,0
DA:264,0
DA:268,0
DA:269,0
DA:272,0
DA:273,0
DA:274,0
DA:277,0
DA:279,0
DA:280,0
DA:289,0
DA:290,0
DA:297,0
DA:298,0
DA:305,0
DA:306,0
DA:313,0
DA:323,0
DA:330,0
DA:331,0
DA:341,0
DA:343,0
DA:344,0
DA:346,0
DA:352,0
DA:355,0
DA:357,0
DA:363,0
DA:364,0
LF:111
LH:7
BRDA:31,0,0,0
BRDA:31,0,1,0
BRDA:32,1,0,0
BRDA:32,1,1,0
BRDA:32,1,2,0
BRDA:32,1,3,0
BRDA:32,1,4,0
BRDA:65,2,0,0
BRDA:71,3,0,0
BRDA:71,3,1,0
BRDA:87,4,0,0
BRDA:87,4,1,0
BRDA:96,5,0,0
BRDA:96,5,1,0
BRDA:96,6,0,0
BRDA:96,6,1,0
BRDA:101,7,0,0
BRDA:101,7,1,0
BRDA:110,8,0,0
BRDA:110,8,1,0
BRDA:135,9,0,0
BRDA:135,9,1,0
BRDA:159,10,0,0
BRDA:160,11,0,0
BRDA:163,12,0,0
BRDA:163,12,1,0
BRDA:167,13,0,0
BRDA:167,13,1,0
BRDA:167,14,0,0
BRDA:167,14,1,0
BRDA:170,15,0,0
BRDA:170,15,1,0
BRDA:206,16,0,0
BRDA:272,17,0,0
BRDA:272,17,1,0
BRDA:273,18,0,0
BRDA:273,18,1,0
BRDA:306,19,0,0
BRDA:306,19,1,0
BRDA:323,20,0,0
BRDA:323,20,1,0
BRDA:338,21,0,0
BRDA:339,22,0,0
BRDA:363,23,0,0
BRDA:363,23,1,0
BRF:45
BRH:0
end_of_record
TN:
SF:src\common\context\request-context.store.ts
FNF:0
FNH:0
DA:1,5
DA:4,5
LF:2
LH:2
BRF:0
BRH:0
end_of_record
TN:
SF:src\common\interceptors\logging.interceptor.ts
FN:15,(anonymous_1)
FN:22,(anonymous_2)
FNF:2
FNH:0
FNDA:0,(anonymous_1)
FNDA:0,(anonymous_2)
DA:1,0
DA:9,0
DA:12,0
DA:13,0
DA:16,0
DA:17,0
DA:18,0
DA:19,0
DA:21,0
DA:23,0
DA:24,0
LF:11
LH:0
BRF:0
BRH:0
end_of_record
TN:
SF:src\common\interceptors\pagination-meta.interceptor.ts
FN:11,(anonymous_1)
FN:15,(anonymous_2)
FNF:2
FNH:0
FNDA:0,(anonymous_1)
FNDA:0,(anonymous_2)
DA:1,0
DA:7,0
DA:10,0
DA:12,0
DA:14,0
DA:17,0
DA:18,0
DA:28,0
DA:30,0
DA:31,0
DA:34,0
DA:35,0
DA:38,0
DA:39,0
DA:42,0
DA:43,0
DA:46,0
DA:47,0
DA:53,0
DA:54,0
DA:57,0
LF:21
LH:0
BRDA:17,0,0,0
BRDA:17,0,1,0
BRDA:17,1,0,0
BRDA:17,1,1,0
BRDA:30,2,0,0
BRDA:30,2,1,0
BRDA:34,3,0,0
BRDA:34,3,1,0
BRDA:38,4,0,0
BRDA:38,4,1,0
BRDA:42,5,0,0
BRDA:42,5,1,0
BRDA:46,6,0,0
BRDA:46,6,1,0
BRDA:53,7,0,0
BRDA:53,7,1,0
BRDA:57,8,0,0
BRDA:57,8,1,0
BRF:18
BRH:0
end_of_record
TN:
SF:src\common\logger\context.logger.ts
FN:21,(anonymous_9)
FN:49,(anonymous_10)
FN:61,(anonymous_11)
FN:73,(anonymous_12)
FN:85,(anonymous_13)
FNF:5
FNH:3
FNDA:33,(anonymous_9)
FNDA:27,(anonymous_10)
FNDA:0,(anonymous_11)
FNDA:0,(anonymous_12)
FNDA:6,(anonymous_13)
DA:1,5
DA:2,5
DA:3,5
DA:4,5
DA:7,5
DA:8,5
DA:11,5
DA:12,5
DA:13,0
DA:14,0
DA:16,0
DA:20,5
DA:23,33
DA:24,33
DA:27,0
DA:28,0
DA:29,0
DA:32,0
DA:35,0
DA:37,0
DA:38,0
DA:41,0
DA:42,0
DA:45,0
DA:50,27
DA:52,27
DA:53,27
DA:57,27
DA:58,27
DA:62,0
DA:64,0
DA:65,0
DA:69,0
DA:70,0
DA:74,0
DA:76,0
DA:77,0
DA:81,0
DA:82,0
DA:86,6
DA:88,6
DA:89,6
DA:93,6
DA:94,6
LF:44
LH:21
BRDA:11,0,0,5
BRDA:11,0,1,5
BRDA:12,1,0,0
BRDA:12,1,1,5
BRDA:12,2,0,5
BRDA:12,2,1,0
BRDA:23,3,0,33
BRDA:23,3,1,0
BRDA:29,4,0,0
BRDA:29,4,1,0
BRDA:32,5,0,0
BRDA:32,5,1,0
BRDA:35,6,0,0
BRDA:35,6,1,0
BRDA:37,7,0,0
BRDA:37,7,1,0
BRDA:52,8,0,0
BRDA:52,8,1,27
BRDA:53,9,0,0
BRDA:53,9,1,27
BRDA:58,10,0,27
BRDA:58,10,1,27
BRDA:64,11,0,0
BRDA:64,11,1,0
BRDA:65,12,0,0
BRDA:65,12,1,0
BRDA:70,13,0,0
BRDA:70,13,1,0
BRDA:76,14,0,0
BRDA:76,14,1,0
BRDA:77,15,0,0
BRDA:77,15,1,0
BRDA:82,16,0,0
BRDA:82,16,1,0
BRDA:88,17,0,0
BRDA:88,17,1,6
BRDA:89,18,0,0
BRDA:89,18,1,6
BRDA:94,19,0,6
BRDA:94,19,1,6
BRF:40
BRH:13
end_of_record
TN:
SF:src\common\middleware\request-context.middleware.ts
FN:7,(anonymous_1)
FN:14,(anonymous_2)
FNF:2
FNH:0
FNDA:0,(anonymous_1)
FNDA:0,(anonymous_2)
DA:1,0
DA:2,0
DA:3,0
DA:6,0
DA:8,0
DA:10,0
DA:15,0
DA:16,0
DA:17,0
LF:9
LH:0
BRDA:8,0,0,0
BRDA:8,0,1,0
BRF:2
BRH:0
end_of_record
TN:
SF:src\common\utils\fiscal-year.utils.ts
FN:7,getFiscalYear
FN:25,generateFiscalCode
FNF:2
FNH:2
FNDA:10,getFiscalYear
FNDA:2,generateFiscalCode
DA:7,2
DA:8,10
DA:9,10
DA:11,10
DA:12,7
DA:15,3
DA:25,2
DA:29,2
DA:31,2
DA:51,2
DA:52,2
LF:11
LH:11
BRDA:7,0,0,3
BRDA:11,1,0,7
BRDA:11,1,1,3
BRF:3
BRH:3
end_of_record
TN:
SF:src\customers\customers.controller.ts
FN:23,(anonymous_4)
FN:29,(anonymous_5)
FN:38,(anonymous_6)
FN:47,(anonymous_7)
FN:56,(anonymous_8)
FN:64,(anonymous_9)
FN:72,(anonymous_10)
FNF:7
FNH:0
FNDA:0,(anonymous_4)
FNDA:0,(anonymous_5)
FNDA:0,(anonymous_6)
FNDA:0,(anonymous_7)
FNDA:0,(anonymous_8)
FNDA:0,(anonymous_9)
FNDA:0,(anonymous_10)
DA:1,0
DA:7,0
DA:19,0
DA:22,0
DA:23,0
DA:29,0
DA:30,0
DA:31,0
DA:38,0
DA:39,0
DA:40,0
DA:47,0
DA:48,0
DA:49,0
DA:56,0
DA:57,0
DA:64,0
DA:65,0
DA:72,0
DA:73,0
DA:74,0
LF:21
LH:0
BRF:0
BRH:0
end_of_record
TN:
SF:src\customers\customers.module.ts
FNF:0
FNH:0
DA:1,0
DA:2,0
DA:3,0
DA:4,0
DA:10,0
LF:5
LH:0
BRF:0
BRH:0
end_of_record
TN:
SF:src\customers\customers.repository.ts
FN:7,(anonymous_2)
FN:9,(anonymous_3)
FN:13,(anonymous_4)
FN:19,(anonymous_5)
FN:25,(anonymous_6)
FN:41,(anonymous_7)
FN:65,(anonymous_8)
FN:71,(anonymous_9)
FN:78,(anonymous_10)
FN:88,(anonymous_11)
FN:98,(anonymous_12)
FNF:11
FNH:0
FNDA:0,(anonymous_2)
FNDA:0,(anonymous_3)
FNDA:0,(anonymous_4)
FNDA:0,(anonymous_5)
FNDA:0,(anonymous_6)
FNDA:0,(anonymous_7)
FNDA:0,(anonymous_8)
FNDA:0,(anonymous_9)
FNDA:0,(anonymous_10)
FNDA:0,(anonymous_11)
FNDA:0,(anonymous_12)
DA:1,0
DA:3,0
DA:6,0
DA:7,0
DA:10,0
DA:14,0
DA:20,0
DA:30,0
DA:47,0
DA:52,0
DA:62,0
DA:66,0
DA:72,0
DA:79,0
DA:89,0
DA:99,0
LF:16
LH:0
BRF:0
BRH:0
end_of_record
TN:
SF:src\customers\customers.service.ts
FN:13,(anonymous_2)
FN:15,(anonymous_3)
FN:38,(anonymous_4)
FN:64,(anonymous_5)
FN:115,(anonymous_6)
FN:123,(anonymous_7)
FN:128,(anonymous_8)
FNF:7
FNH:0
FNDA:0,(anonymous_2)
FNDA:0,(anonymous_3)
FNDA:0,(anonymous_4)
FNDA:0,(anonymous_5)
FNDA:0,(anonymous_6)
FNDA:0,(anonymous_7)
FNDA:0,(anonymous_8)
DA:2,0
DA:8,0
DA:9,0
DA:12,0
DA:13,0
DA:16,0
DA:18,0
DA:19,0
DA:20,0
DA:23,0
DA:24,0
DA:25,0
DA:26,0
DA:32,0
DA:39,0
DA:41,0
DA:42,0
DA:43,0
DA:44,0
DA:45,0
DA:46,0
DA:48,0
DA:52,0
DA:53,0
DA:54,0
DA:55,0
DA:61,0
DA:65,0
DA:67,0
DA:93,0
DA:95,0
DA:104,0
DA:116,0
DA:117,0
DA:118,0
DA:120,0
DA:124,0
DA:125,0
DA:129,0
LF:39
LH:0
BRDA:19,0,0,0
BRDA:19,0,1,0
BRDA:23,1,0,0
BRDA:23,1,1,0
BRDA:25,2,0,0
BRDA:25,2,1,0
BRDA:41,3,0,0
BRDA:41,3,1,0
BRDA:43,4,0,0
BRDA:43,4,1,0
BRDA:45,5,0,0
BRDA:45,5,1,0
BRDA:52,6,0,0
BRDA:52,6,1,0
BRDA:52,7,0,0
BRDA:52,7,1,0
BRDA:54,8,0,0
BRDA:54,8,1,0
BRDA:65,9,0,0
BRDA:68,10,0,0
BRDA:68,10,1,0
BRDA:70,11,0,0
BRDA:70,11,1,0
BRDA:93,12,0,0
BRDA:93,12,1,0
BRDA:97,13,0,0
BRDA:97,13,1,0
BRDA:108,14,0,0
BRDA:108,14,1,0
BRDA:110,15,0,0
BRDA:110,15,1,0
BRDA:117,16,0,0
BRDA:117,16,1,0
BRF:33
BRH:0
end_of_record
TN:
SF:src\dto\orders.query.dto.ts
FN:6,(anonymous_2)
FN:12,(anonymous_3)
FN:46,(anonymous_4)
FNF:3
FNH:0
FNDA:0,(anonymous_2)
FNDA:0,(anonymous_3)
FNDA:0,(anonymous_4)
DA:1,0
DA:2,0
DA:4,0
DA:6,0
DA:9,0
DA:12,0
DA:15,0
DA:23,0
DA:27,0
DA:31,0
DA:35,0
DA:39,0
DA:43,0
DA:46,0
DA:47,0
LF:15
LH:0
BRDA:46,0,0,0
BRDA:46,0,1,0
BRF:2
BRH:0
end_of_record
TN:
SF:src\dto\process-runs.query.dto.ts
FN:6,(anonymous_2)
FN:12,(anonymous_3)
FN:22,(anonymous_4)
FN:45,(anonymous_5)
FN:50,(anonymous_6)
FN:71,(anonymous_7)
FN:76,(anonymous_8)
FNF:7
FNH:0
FNDA:0,(anonymous_2)
FNDA:0,(anonymous_3)
FNDA:0,(anonymous_4)
FNDA:0,(anonymous_5)
FNDA:0,(anonymous_6)
FNDA:0,(anonymous_7)
FNDA:0,(anonymous_8)
DA:1,0
DA:2,0
DA:4,0
DA:6,0
DA:9,0
DA:12,0
DA:15,0
DA:19,0
DA:22,0
DA:24,0
DA:30,0
DA:34,0
DA:38,0
DA:42,0
DA:45,0
DA:47,0
DA:50,0
DA:52,0
DA:56,0
DA:60,0
DA:64,0
DA:68,0
DA:71,0
DA:73,0
DA:76,0
DA:77,0
LF:26
LH:0
BRDA:22,0,0,0
BRDA:22,0,1,0
BRDA:45,1,0,0
BRDA:45,1,1,0
BRDA:50,2,0,0
BRDA:50,2,1,0
BRDA:71,3,0,0
BRDA:71,3,1,0
BRDA:76,4,0,0
BRDA:76,4,1,0
BRF:10
BRH:0
end_of_record
TN:
SF:src\dto\users-query.dto.ts
FNF:0
FNH:0
DA:1,0
DA:3,0
DA:10,0
LF:3
LH:0
BRF:0
BRH:0
end_of_record
TN:
SF:src\health\health.controller.ts
FN:7,(anonymous_2)
FNF:1
FNH:0
FNDA:0,(anonymous_2)
DA:2,0
DA:5,0
DA:7,0
DA:8,0
LF:4
LH:0
BRF:0
BRH:0
end_of_record
TN:
SF:src\health\health.module.ts
FNF:0
FNH:0
DA:1,0
DA:2,0
DA:7,0
LF:3
LH:0
BRF:0
BRH:0
end_of_record
TN:
SF:src\image-retention\image-retention.controller.ts
FN:19,(anonymous_4)
FN:23,(anonymous_5)
FNF:2
FNH:0
FNDA:0,(anonymous_4)
FNDA:0,(anonymous_5)
DA:1,0
DA:8,0
DA:9,0
DA:16,0
DA:17,0
DA:19,0
DA:23,0
DA:28,0
DA:34,0
DA:35,0
DA:37,0
DA:38,0
DA:42,0
DA:44,0
DA:46,0
DA:47,0
DA:52,0
DA:54,0
LF:18
LH:0
BRDA:17,0,0,0
BRDA:17,0,1,0
BRDA:34,1,0,0
BRDA:34,1,1,0
BRDA:37,2,0,0
BRDA:37,2,1,0
BRDA:42,3,0,0
BRDA:42,3,1,0
BRDA:44,4,0,0
BRDA:44,4,1,0
BRF:10
BRH:0
end_of_record
TN:
SF:src\image-retention\image-retention.module.ts
FNF:0
FNH:0
DA:1,0
DA:2,0
DA:3,0
DA:4,0
DA:5,0
DA:12,0
LF:6
LH:0
BRF:0
BRH:0
end_of_record
TN:
SF:src\image-retention\image-retention.service.ts
FN:13,(anonymous_2)
FN:18,(anonymous_3)
FN:83,(anonymous_4)
FN:92,(anonymous_5)
FN:141,(anonymous_6)
FN:324,(anonymous_7)
FN:370,(anonymous_8)
FN:389,(anonymous_9)
FN:413,(anonymous_10)
FN:473,(anonymous_11)
FN:486,(anonymous_12)
FN:496,(anonymous_13)
FNF:12
FNH:0
FNDA:0,(anonymous_2)
FNDA:0,(anonymous_3)
FNDA:0,(anonymous_4)
FNDA:0,(anonymous_5)
FNDA:0,(anonymous_6)
FNDA:0,(anonymous_7)
FNDA:0,(anonymous_8)
FNDA:0,(anonymous_9)
FNDA:0,(anonymous_10)
FNDA:0,(anonymous_11)
FNDA:0,(anonymous_12)
FNDA:0,(anonymous_13)
DA:1,0
DA:2,0
DA:4,0
DA:5,0
DA:8,0
DA:9,0
DA:11,0
DA:14,0
DA:15,0
DA:19,0
DA:23,0
DA:24,0
DA:30,0
DA:32,0
DA:34,0
DA:36,0
DA:38,0
DA:52,0
DA:82,0
DA:83,0
DA:86,0
DA:88,0
DA:89,0
DA:92,0
DA:104,0
DA:105,0
DA:109,0
DA:111,0
DA:113,0
DA:116,0
DA:117,0
DA:119,0
DA:120,0
DA:128,0
DA:129,0
DA:141,0
DA:148,0
DA:172,0
DA:177,0
DA:178,0
DA:179,0
DA:180,0
DA:188,0
DA:189,0
DA:191,0
DA:192,0
DA:193,0
DA:194,0
DA:200,0
DA:205,0
DA:206,0
DA:226,0
DA:234,0
DA:247,0
DA:248,0
DA:249,0
DA:250,0
DA:261,0
DA:278,0
DA:279,0
DA:281,0
DA:282,0
DA:283,0
DA:284,0
DA:295,0
DA:297,0
DA:299,0
DA:300,0
DA:301,0
DA:303,0
DA:312,0
DA:317,0
DA:319,0
DA:321,0
DA:323,0
DA:324,0
DA:325,0
DA:329,0
DA:330,0
DA:332,0
DA:335,0
DA:337,0
DA:338,0
DA:340,0
DA:342,0
DA:345,0
DA:347,0
DA:349,0
DA:354,0
DA:361,0
DA:369,0
DA:370,0
DA:374,0
DA:375,0
DA:384,0
DA:385,0
DA:388,0
DA:389,0
DA:392,0
DA:405,0
DA:406,0
DA:408,0
DA:409,0
DA:412,0
DA:413,0
DA:419,0
DA:420,0
DA:423,0
DA:441,0
DA:452,0
DA:457,0
DA:459,0
DA:474,0
DA:475,0
DA:477,0
DA:479,0
DA:487,0
DA:489,0
DA:490,0
DA:493,0
DA:497,0
LF:121
LH:0
BRDA:23,0,0,0
BRDA:23,0,1,0
BRDA:34,1,0,0
BRDA:34,1,1,0
BRDA:34,2,0,0
BRDA:34,2,1,0
BRDA:83,3,0,0
BRDA:83,3,1,0
BRDA:88,4,0,0
BRDA:88,4,1,0
BRDA:113,5,0,0
BRDA:113,5,1,0
BRDA:113,5,2,0
BRDA:116,6,0,0
BRDA:116,6,1,0
BRDA:119,7,0,0
BRDA:119,7,1,0
BRDA:128,8,0,0
BRDA:128,8,1,0
BRDA:178,9,0,0
BRDA:178,9,1,0
BRDA:179,10,0,0
BRDA:179,10,1,0
BRDA:179,11,0,0
BRDA:179,11,1,0
BRDA:191,12,0,0
BRDA:191,12,1,0
BRDA:191,13,0,0
BRDA:191,13,1,0
BRDA:193,14,0,0
BRDA:193,14,1,0
BRDA:193,15,0,0
BRDA:193,15,1,0
BRDA:205,16,0,0
BRDA:205,16,1,0
BRDA:248,17,0,0
BRDA:248,17,1,0
BRDA:249,18,0,0
BRDA:249,18,1,0
BRDA:249,19,0,0
BRDA:249,19,1,0
BRDA:281,20,0,0
BRDA:281,20,1,0
BRDA:281,21,0,0
BRDA:281,21,1,0
BRDA:283,22,0,0
BRDA:283,22,1,0
BRDA:283,23,0,0
BRDA:283,23,1,0
BRDA:300,24,0,0
BRDA:300,24,1,0
BRDA:329,25,0,0
BRDA:329,25,1,0
BRDA:337,26,0,0
BRDA:337,26,1,0
BRDA:356,27,0,0
BRDA:356,27,1,0
BRDA:369,28,0,0
BRDA:369,28,1,0
BRDA:369,29,0,0
BRDA:369,29,1,0
BRDA:384,30,0,0
BRDA:384,30,1,0
BRDA:388,31,0,0
BRDA:388,31,1,0
BRDA:408,32,0,0
BRDA:408,32,1,0
BRDA:408,33,0,0
BRDA:408,33,1,0
BRDA:419,34,0,0
BRDA:419,34,1,0
BRDA:454,35,0,0
BRDA:454,35,1,0
BRF:73
BRH:0
end_of_record
TN:
SF:src\jobs\jobs.module.ts
FN:16,(anonymous_2)
FNF:1
FNH:0
FNDA:0,(anonymous_2)
DA:1,0
DA:3,0
DA:5,0
DA:7,0
DA:15,0
LF:5
LH:0
BRF:0
BRH:0
end_of_record
TN:
SF:src\locations\locations.controller.ts
FN:22,(anonymous_4)
FN:28,(anonymous_5)
FN:37,(anonymous_6)
FN:46,(anonymous_7)
FN:55,(anonymous_8)
FN:63,(anonymous_9)
FNF:6
FNH:0
FNDA:0,(anonymous_4)
FNDA:0,(anonymous_5)
FNDA:0,(anonymous_6)
FNDA:0,(anonymous_7)
FNDA:0,(anonymous_8)
FNDA:0,(anonymous_9)
DA:1,0
DA:6,0
DA:18,0
DA:21,0
DA:22,0
DA:28,0
DA:29,0
DA:30,0
DA:37,0
DA:38,0
DA:39,0
DA:46,0
DA:47,0
DA:48,0
DA:55,0
DA:56,0
DA:63,0
DA:64,0
LF:18
LH:0
BRF:0
BRH:0
end_of_record
TN:
SF:src\locations\locations.module.ts
FNF:0
FNH:0
DA:1,0
DA:2,0
DA:3,0
DA:4,0
DA:5,0
DA:12,0
LF:6
LH:0
BRF:0
BRH:0
end_of_record
TN:
SF:src\locations\locations.repository.ts
FN:7,(anonymous_2)
FN:9,(anonymous_3)
FN:13,(anonymous_4)
FN:17,(anonymous_5)
FN:21,(anonymous_6)
FN:32,(anonymous_7)
FN:51,(anonymous_8)
FNF:7
FNH:0
FNDA:0,(anonymous_2)
FNDA:0,(anonymous_3)
FNDA:0,(anonymous_4)
FNDA:0,(anonymous_5)
FNDA:0,(anonymous_6)
FNDA:0,(anonymous_7)
FNDA:0,(anonymous_8)
DA:1,0
DA:3,0
DA:6,0
DA:7,0
DA:10,0
DA:14,0
DA:18,0
DA:26,0
DA:38,0
DA:48,0
DA:52,0
LF:11
LH:0
BRF:0
BRH:0
end_of_record
TN:
SF:src\locations\locations.service.ts
FN:13,(anonymous_2)
FN:15,(anonymous_3)
FN:29,(anonymous_4)
FN:46,(anonymous_5)
FN:90,(anonymous_6)
FN:98,(anonymous_7)
FNF:6
FNH:0
FNDA:0,(anonymous_2)
FNDA:0,(anonymous_3)
FNDA:0,(anonymous_4)
FNDA:0,(anonymous_5)
FNDA:0,(anonymous_6)
FNDA:0,(anonymous_7)
DA:2,0
DA:8,0
DA:9,0
DA:12,0
DA:13,0
DA:16,0
DA:18,0
DA:19,0
DA:20,0
DA:23,0
DA:30,0
DA:32,0
DA:33,0
DA:34,0
DA:35,0
DA:36,0
DA:37,0
DA:39,0
DA:43,0
DA:47,0
DA:49,0
DA:70,0
DA:79,0
DA:91,0
DA:92,0
DA:93,0
DA:95,0
DA:99,0
DA:100,0
LF:29
LH:0
BRDA:19,0,0,0
BRDA:19,0,1,0
BRDA:32,1,0,0
BRDA:32,1,1,0
BRDA:34,2,0,0
BRDA:34,2,1,0
BRDA:36,3,0,0
BRDA:36,3,1,0
BRDA:47,4,0,0
BRDA:50,5,0,0
BRDA:50,5,1,0
BRDA:52,6,0,0
BRDA:52,6,1,0
BRDA:72,7,0,0
BRDA:72,7,1,0
BRDA:82,8,0,0
BRDA:82,8,1,0
BRDA:83,9,0,0
BRDA:83,9,1,0
BRDA:85,10,0,0
BRDA:85,10,1,0
BRDA:92,11,0,0
BRDA:92,11,1,0
BRF:23
BRH:0
end_of_record
TN:
SF:src\locations\dto\create-location.dto.ts
FNF:0
FNH:0
DA:3,0
LF:1
LH:0
BRF:0
BRH:0
end_of_record
TN:
SF:src\locations\dto\locations.query.dto.ts
FNF:0
FNH:0
DA:3,0
LF:1
LH:0
BRF:0
BRH:0
end_of_record
TN:
SF:src\locations\dto\update-location.dto.ts
FNF:0
FNH:0
DA:3,0
LF:1
LH:0
BRF:0
BRH:0
end_of_record
TN:
SF:src\mappers\billing-snapshot.mapper.ts
FN:1,toBillingSnapshotDto
FN:11,(anonymous_1)
FNF:2
FNH:0
FNDA:0,toBillingSnapshotDto
FNDA:0,(anonymous_1)
DA:1,0
DA:2,0
DA:11,0
LF:3
LH:0
BRDA:16,0,0,0
BRDA:16,0,1,0
BRF:2
BRH:0
end_of_record
TN:
SF:src\mappers\customer.mapper.ts
FN:3,toCustomerSummary
FNF:1
FNH:0
FNDA:0,toCustomerSummary
DA:3,0
DA:4,0
LF:2
LH:0
BRDA:9,0,0,0
BRDA:9,0,1,0
BRDA:10,1,0,0
BRDA:10,1,1,0
BRDA:11,2,0,0
BRDA:11,2,1,0
BRDA:13,3,0,0
BRDA:13,3,1,0
BRDA:14,4,0,0
BRDA:14,4,1,0
BRDA:19,5,0,0
BRDA:19,5,1,0
BRDA:20,6,0,0
BRDA:20,6,1,0
BRF:14
BRH:0
end_of_record
TN:
SF:src\mappers\location.mapper.ts
FN:4,toLocationSummary
FNF:1
FNH:0
FNDA:0,toLocationSummary
DA:4,0
DA:5,0
LF:2
LH:0
BRF:0
BRH:0
end_of_record
TN:
SF:src\mappers\order.mapper.ts
FN:3,toOrderSummary
FN:31,(anonymous_1)
FN:40,(anonymous_2)
FN:101,(anonymous_3)
FN:130,buildLifecycleProgress
FN:137,(anonymous_5)
FN:138,(anonymous_6)
FNF:7
FNH:0
FNDA:0,toOrderSummary
FNDA:0,(anonymous_1)
FNDA:0,(anonymous_2)
FNDA:0,(anonymous_3)
FNDA:0,buildLifecycleProgress
FNDA:0,(anonymous_5)
FNDA:0,(anonymous_6)
DA:3,1
DA:4,0
DA:31,0
DA:41,0
DA:43,0
DA:49,0
DA:101,0
DA:135,0
DA:137,0
DA:138,0
DA:140,0
DA:141,0
DA:142,0
DA:150,0
LF:14
LH:1
BRDA:11,0,0,0
BRDA:11,0,1,0
BRDA:12,1,0,0
BRDA:12,1,1,0
BRDA:13,2,0,0
BRDA:13,2,1,0
BRDA:18,3,0,0
BRDA:18,3,1,0
BRDA:41,4,0,0
BRDA:41,4,1,0
BRDA:43,5,0,0
BRDA:43,5,1,0
BRDA:43,6,0,0
BRDA:43,6,1,0
BRDA:45,7,0,0
BRDA:45,7,1,0
BRDA:58,8,0,0
BRDA:58,8,1,0
BRDA:65,9,0,0
BRDA:65,9,1,0
BRDA:72,10,0,0
BRDA:72,10,1,0
BRDA:80,11,0,0
BRDA:80,11,1,0
BRDA:88,12,0,0
BRDA:88,12,1,0
BRDA:101,13,0,0
BRDA:101,13,1,0
BRDA:103,14,0,0
BRDA:103,14,1,0
BRDA:104,15,0,0
BRDA:104,15,1,0
BRDA:133,16,0,0
BRDA:140,17,0,0
BRDA:140,17,1,0
BRDA:145,18,0,0
BRDA:145,18,1,0
BRDA:146,19,0,0
BRDA:146,19,1,0
BRDA:153,20,0,0
BRDA:153,20,1,0
BRDA:154,21,0,0
BRDA:154,21,1,0
BRF:43
BRH:0
end_of_record
TN:
SF:src\mappers\process.mapper.ts
FN:3,toProcessDetail
FN:6,(anonymous_1)
FN:15,(anonymous_2)
FN:28,toProcessSummary
FNF:4
FNH:0
FNDA:0,toProcessDetail
FNDA:0,(anonymous_1)
FNDA:0,(anonymous_2)
FNDA:0,toProcessSummary
DA:3,0
DA:4,0
DA:6,0
DA:8,0
DA:15,0
DA:28,0
DA:29,0
LF:7
LH:0
BRDA:32,0,0,0
BRDA:32,0,1,0
BRF:2
BRH:0
end_of_record
TN:
SF:src\mappers\run-template.mapper.ts
FN:3,toRunTemplateDetail
FN:9,(anonymous_1)
FN:10,(anonymous_2)
FNF:3
FNH:0
FNDA:0,toRunTemplateDetail
FNDA:0,(anonymous_1)
FNDA:0,(anonymous_2)
DA:3,0
DA:4,0
DA:9,0
DA:10,0
LF:4
LH:0
BRF:0
BRH:0
end_of_record
TN:
SF:src\orders\orders.controller.ts
FN:24,(anonymous_4)
FN:30,(anonymous_5)
FN:41,(anonymous_6)
FN:46,(anonymous_7)
FN:56,(anonymous_8)
FN:64,(anonymous_9)
FN:72,(anonymous_10)
FN:81,(anonymous_11)
FN:90,(anonymous_12)
FN:95,(anonymous_13)
FN:100,(anonymous_14)
FN:127,(anonymous_15)
FN:132,(anonymous_16)
FN:137,(anonymous_17)
FN:142,(anonymous_18)
FN:147,(anonymous_19)
FN:152,(anonymous_20)
FNF:17
FNH:0
FNDA:0,(anonymous_4)
FNDA:0,(anonymous_5)
FNDA:0,(anonymous_6)
FNDA:0,(anonymous_7)
FNDA:0,(anonymous_8)
FNDA:0,(anonymous_9)
FNDA:0,(anonymous_10)
FNDA:0,(anonymous_11)
FNDA:0,(anonymous_12)
FNDA:0,(anonymous_13)
FNDA:0,(anonymous_14)
FNDA:0,(anonymous_15)
FNDA:0,(anonymous_16)
FNDA:0,(anonymous_17)
FNDA:0,(anonymous_18)
FNDA:0,(anonymous_19)
FNDA:0,(anonymous_20)
DA:3,0
DA:14,0
DA:15,0
DA:16,0
DA:17,0
DA:18,0
DA:21,0
DA:22,0
DA:25,0
DA:26,0
DA:30,0
DA:34,0
DA:35,0
DA:37,0
DA:41,0
DA:42,0
DA:46,0
DA:47,0
DA:48,0
DA:52,0
DA:56,0
DA:60,0
DA:64,0
DA:68,0
DA:72,0
DA:77,0
DA:81,0
DA:86,0
DA:90,0
DA:91,0
DA:95,0
DA:96,0
DA:100,0
DA:101,0
DA:103,0
DA:104,0
DA:105,0
DA:107,0
DA:111,0
DA:112,0
DA:113,0
DA:114,0
DA:116,0
DA:119,0
DA:123,0
DA:127,0
DA:128,0
DA:132,0
DA:133,0
DA:137,0
DA:138,0
DA:142,0
DA:143,0
DA:147,0
DA:148,0
DA:152,0
DA:153,0
DA:154,0
DA:156,0
LF:59
LH:0
BRDA:32,0,0,0
BRDA:34,1,0,0
BRDA:34,1,1,0
BRDA:75,2,0,0
BRDA:103,3,0,0
BRDA:103,3,1,0
BRDA:111,4,0,0
BRDA:111,4,1,0
BRDA:113,5,0,0
BRDA:113,5,1,0
BRDA:120,6,0,0
BRDA:120,6,1,0
BRDA:153,7,0,0
BRDA:153,7,1,0
BRDA:153,8,0,0
BRDA:153,8,1,0
BRF:16
BRH:0
end_of_record
TN:
SF:src\orders\orders.module.ts
FN:8,(anonymous_1)
FNF:1
FNH:0
FNDA:0,(anonymous_1)
DA:1,0
DA:2,0
DA:3,0
DA:4,0
DA:5,0
DA:8,0
DA:13,0
LF:7
LH:0
BRF:0
BRH:0
end_of_record
TN:
SF:src\orders\orders.service.ts
FN:30,(anonymous_2)
FN:36,(anonymous_3)
FN:71,(anonymous_4)
FN:86,(anonymous_5)
FN:127,(anonymous_6)
FN:128,(anonymous_7)
FN:173,(anonymous_8)
FN:174,(anonymous_9)
FN:183,(anonymous_10)
FN:302,(anonymous_11)
FN:323,(anonymous_12)
FN:364,(anonymous_13)
FN:365,(anonymous_14)
FN:410,(anonymous_15)
FN:411,(anonymous_16)
FN:420,(anonymous_17)
FN:492,(anonymous_18)
FN:500,(anonymous_19)
FN:509,(anonymous_20)
FN:527,(anonymous_21)
FN:622,(anonymous_22)
FN:633,(anonymous_23)
FN:638,(anonymous_24)
FN:640,(anonymous_25)
FN:644,(anonymous_26)
FN:715,(anonymous_27)
FN:737,(anonymous_28)
FN:805,(anonymous_29)
FN:815,(anonymous_30)
FN:959,(anonymous_31)
FN:968,(anonymous_32)
FN:976,(anonymous_33)
FN:1067,(anonymous_34)
FN:1082,(anonymous_35)
FN:1243,(anonymous_36)
FN:1244,(anonymous_37)
FN:1295,(anonymous_38)
FN:1296,(anonymous_39)
FN:1312,(anonymous_40)
FN:1313,(anonymous_41)
FN:1346,(anonymous_42)
FN:1375,(anonymous_43)
FN:1384,(anonymous_44)
FN:1415,(anonymous_45)
FN:1435,(anonymous_46)
FN:1445,(anonymous_47)
FN:1446,(anonymous_48)
FN:1475,(anonymous_49)
FN:1489,(anonymous_50)
FN:1490,(anonymous_51)
FN:1515,(anonymous_52)
FN:1526,(anonymous_53)
FN:1645,(anonymous_54)
FN:1650,(anonymous_55)
FN:1710,(anonymous_56)
FN:1711,(anonymous_57)
FNF:56
FNH:9
FNDA:1,(anonymous_2)
FNDA:12,(anonymous_3)
FNDA:2,(anonymous_4)
FNDA:0,(anonymous_5)
FNDA:0,(anonymous_6)
FNDA:0,(anonymous_7)
FNDA:0,(anonymous_8)
FNDA:0,(anonymous_9)
FNDA:0,(anonymous_10)
FNDA:0,(anonymous_11)
FNDA:0,(anonymous_12)
FNDA:0,(anonymous_13)
FNDA:0,(anonymous_14)
FNDA:0,(anonymous_15)
FNDA:0,(anonymous_16)
FNDA:0,(anonymous_17)
FNDA:0,(anonymous_18)
FNDA:0,(anonymous_19)
FNDA:0,(anonymous_20)
FNDA:0,(anonymous_21)
FNDA:4,(anonymous_22)
FNDA:0,(anonymous_23)
FNDA:3,(anonymous_24)
FNDA:3,(anonymous_25)
FNDA:3,(anonymous_26)
FNDA:2,(anonymous_27)
FNDA:2,(anonymous_28)
FNDA:0,(anonymous_29)
FNDA:0,(anonymous_30)
FNDA:0,(anonymous_31)
FNDA:0,(anonymous_32)
FNDA:0,(anonymous_33)
FNDA:0,(anonymous_34)
FNDA:0,(anonymous_35)
FNDA:0,(anonymous_36)
FNDA:0,(anonymous_37)
FNDA:0,(anonymous_38)
FNDA:0,(anonymous_39)
FNDA:0,(anonymous_40)
FNDA:0,(anonymous_41)
FNDA:0,(anonymous_42)
FNDA:0,(anonymous_43)
FNDA:0,(anonymous_44)
FNDA:0,(anonymous_45)
FNDA:0,(anonymous_46)
FNDA:0,(anonymous_47)
FNDA:0,(anonymous_48)
FNDA:0,(anonymous_49)
FNDA:0,(anonymous_50)
FNDA:0,(anonymous_51)
FNDA:0,(anonymous_52)
FNDA:0,(anonymous_53)
FNDA:0,(anonymous_54)
FNDA:0,(anonymous_55)
FNDA:0,(anonymous_56)
FNDA:0,(anonymous_57)
DA:2,1
DA:7,1
DA:13,1
DA:14,1
DA:15,1
DA:16,1
DA:17,1
DA:18,1
DA:20,1
DA:21,1
DA:22,1
DA:24,1
DA:27,1
DA:28,1
DA:31,1
DA:32,1
DA:33,1
DA:42,12
DA:46,12
DA:47,1
DA:50,11
DA:51,11
DA:53,7
DA:70,7
DA:71,2
DA:76,7
DA:80,7
DA:81,4
DA:95,0
DA:97,0
DA:105,0
DA:106,0
DA:107,0
DA:108,0
DA:110,0
DA:113,0
DA:114,0
DA:115,0
DA:116,0
DA:118,0
DA:124,0
DA:127,0
DA:129,0
DA:133,0
DA:134,0
DA:140,0
DA:174,0
DA:175,0
DA:177,0
DA:183,0
DA:206,0
DA:302,0
DA:303,0
DA:304,0
DA:305,0
DA:306,0
DA:307,0
DA:310,0
DA:332,0
DA:334,0
DA:342,0
DA:343,0
DA:344,0
DA:345,0
DA:347,0
DA:350,0
DA:351,0
DA:352,0
DA:353,0
DA:355,0
DA:361,0
DA:364,0
DA:366,0
DA:370,0
DA:371,0
DA:377,0
DA:411,0
DA:412,0
DA:414,0
DA:420,0
DA:443,0
DA:492,0
DA:493,0
DA:494,0
DA:495,0
DA:496,0
DA:497,0
DA:500,0
DA:509,0
DA:512,0
DA:528,0
DA:613,0
DA:614,0
DA:617,0
DA:623,4
DA:624,4
DA:625,1
DA:628,3
DA:629,3
DA:630,3
DA:632,3
DA:633,0
DA:635,0
DA:638,3
DA:639,3
DA:640,3
DA:643,3
DA:644,3
DA:648,3
DA:653,3
DA:681,3
DA:682,1
DA:687,2
DA:695,2
DA:715,2
DA:716,2
DA:717,2
DA:727,2
DA:731,2
DA:736,2
DA:737,2
DA:743,2
DA:745,2
DA:746,2
DA:747,2
DA:749,2
DA:751,2
DA:752,2
DA:753,2
DA:754,2
DA:756,2
DA:757,0
DA:759,2
DA:762,2
DA:778,2
DA:779,2
DA:780,2
DA:781,2
DA:782,2
DA:792,2
DA:795,2
DA:798,1
DA:799,0
DA:801,1
DA:806,0
DA:807,0
DA:808,0
DA:811,0
DA:813,0
DA:815,0
DA:819,0
DA:848,0
DA:849,0
DA:855,0
DA:860,0
DA:868,0
DA:886,0
DA:888,0
DA:889,0
DA:901,0
DA:907,0
DA:909,0
DA:910,0
DA:912,0
DA:913,0
DA:915,0
DA:917,0
DA:933,0
DA:934,0
DA:935,0
DA:936,0
DA:937,0
DA:948,0
DA:952,0
DA:960,0
DA:961,0
DA:962,0
DA:966,0
DA:968,0
DA:970,0
DA:973,0
DA:975,0
DA:976,0
DA:980,0
DA:989,0
DA:990,0
DA:994,0
DA:995,0
DA:1001,0
DA:1022,0
DA:1026,0
DA:1034,0
DA:1038,0
DA:1039,0
DA:1045,0
DA:1051,0
DA:1055,0
DA:1056,0
DA:1058,0
DA:1061,0
DA:1062,0
DA:1071,0
DA:1072,0
DA:1073,0
DA:1076,0
DA:1078,0
DA:1079,0
DA:1082,0
DA:1086,0
DA:1091,0
DA:1092,0
DA:1098,0
DA:1102,0
DA:1103,0
DA:1109,0
DA:1137,0
DA:1138,0
DA:1144,0
DA:1160,0
DA:1162,0
DA:1164,0
DA:1165,0
DA:1166,0
DA:1168,0
DA:1170,0
DA:1184,0
DA:1185,0
DA:1186,0
DA:1187,0
DA:1188,0
DA:1202,0
DA:1211,0
DA:1215,0
DA:1216,0
DA:1225,0
DA:1234,0
DA:1244,0
DA:1245,0
DA:1254,0
DA:1259,0
DA:1262,0
DA:1267,0
DA:1270,0
DA:1271,0
DA:1272,0
DA:1276,0
DA:1281,0
DA:1286,0
DA:1291,0
DA:1296,0
DA:1297,0
DA:1301,0
DA:1303,0
DA:1308,0
DA:1313,0
DA:1314,0
DA:1323,0
DA:1324,0
DA:1327,0
DA:1328,0
DA:1334,0
DA:1345,0
DA:1347,0
DA:1361,0
DA:1369,0
DA:1376,0
DA:1380,0
DA:1381,0
DA:1384,0
DA:1386,0
DA:1395,0
DA:1396,0
DA:1397,0
DA:1404,0
DA:1410,0
DA:1412,0
DA:1416,0
DA:1418,0
DA:1426,0
DA:1430,0
DA:1436,0
DA:1441,0
DA:1442,0
DA:1445,0
DA:1446,0
DA:1448,0
DA:1450,0
DA:1456,0
DA:1458,0
DA:1463,0
DA:1467,0
DA:1480,0
DA:1485,0
DA:1486,0
DA:1489,0
DA:1490,0
DA:1492,0
DA:1494,0
DA:1500,0
DA:1502,0
DA:1507,0
DA:1520,0
DA:1522,0
DA:1523,0
DA:1526,0
DA:1527,0
DA:1534,0
DA:1535,0
DA:1538,0
DA:1560,0
DA:1561,0
DA:1564,0
DA:1565,0
DA:1571,0
DA:1576,0
DA:1578,0
DA:1580,0
DA:1582,0
DA:1584,0
DA:1586,0
DA:1587,0
DA:1588,0
DA:1590,0
DA:1604,0
DA:1605,0
DA:1606,0
DA:1607,0
DA:1608,0
DA:1610,0
DA:1611,0
DA:1623,0
DA:1633,0
DA:1641,0
DA:1650,0
DA:1651,0
DA:1658,0
DA:1659,0
DA:1662,0
DA:1666,0
DA:1667,0
DA:1671,0
DA:1672,0
DA:1677,0
DA:1678,0
DA:1680,0
DA:1686,0
DA:1691,0
DA:1692,0
DA:1694,0
DA:1706,0
DA:1711,0
DA:1712,0
DA:1722,0
DA:1723,0
DA:1727,0
DA:1728,0
DA:1729,0
DA:1734,0
DA:1735,0
DA:1737,0
DA:1745,0
DA:1750,0
DA:1752,0
DA:1760,0
LF:364
LH:74
BRDA:39,0,0,7
BRDA:46,1,0,1
BRDA:46,1,1,11
BRDA:50,2,0,11
BRDA:50,2,1,0
BRDA:51,3,0,4
BRDA:51,3,1,7
BRDA:58,4,0,1
BRDA:58,4,1,6
BRDA:71,5,0,2
BRDA:71,5,1,0
BRDA:76,6,0,7
BRDA:76,6,1,0
BRDA:80,7,0,4
BRDA:80,7,1,3
BRDA:88,8,0,0
BRDA:89,9,0,0
BRDA:105,10,0,0
BRDA:105,10,1,0
BRDA:107,11,0,0
BRDA:107,11,1,0
BRDA:113,12,0,0
BRDA:113,12,1,0
BRDA:115,13,0,0
BRDA:115,13,1,0
BRDA:124,14,0,0
BRDA:124,14,1,0
BRDA:133,15,0,0
BRDA:133,15,1,0
BRDA:133,16,0,0
BRDA:133,16,1,0
BRDA:142,17,0,0
BRDA:142,17,1,0
BRDA:144,18,0,0
BRDA:144,18,1,0
BRDA:148,19,0,0
BRDA:148,19,1,0
BRDA:150,20,0,0
BRDA:150,20,1,0
BRDA:177,21,0,0
BRDA:177,21,1,0
BRDA:186,22,0,0
BRDA:186,22,1,0
BRDA:186,22,2,0
BRDA:188,23,0,0
BRDA:188,23,1,0
BRDA:189,24,0,0
BRDA:189,24,1,0
BRDA:193,25,0,0
BRDA:193,25,1,0
BRDA:304,26,0,0
BRDA:304,26,1,0
BRDA:304,27,0,0
BRDA:304,27,1,0
BRDA:307,28,0,0
BRDA:307,28,1,0
BRDA:317,29,0,0
BRDA:317,29,1,0
BRDA:325,30,0,0
BRDA:326,31,0,0
BRDA:342,32,0,0
BRDA:342,32,1,0
BRDA:344,33,0,0
BRDA:344,33,1,0
BRDA:350,34,0,0
BRDA:350,34,1,0
BRDA:352,35,0,0
BRDA:352,35,1,0
BRDA:361,36,0,0
BRDA:361,36,1,0
BRDA:370,37,0,0
BRDA:370,37,1,0
BRDA:370,38,0,0
BRDA:370,38,1,0
BRDA:379,39,0,0
BRDA:379,39,1,0
BRDA:381,40,0,0
BRDA:381,40,1,0
BRDA:385,41,0,0
BRDA:385,41,1,0
BRDA:387,42,0,0
BRDA:387,42,1,0
BRDA:414,43,0,0
BRDA:414,43,1,0
BRDA:423,44,0,0
BRDA:423,44,1,0
BRDA:423,44,2,0
BRDA:425,45,0,0
BRDA:425,45,1,0
BRDA:426,46,0,0
BRDA:426,46,1,0
BRDA:430,47,0,0
BRDA:430,47,1,0
BRDA:494,48,0,0
BRDA:494,48,1,0
BRDA:494,49,0,0
BRDA:494,49,1,0
BRDA:497,50,0,0
BRDA:497,50,1,0
BRDA:519,51,0,0
BRDA:519,51,1,0
BRDA:613,52,0,0
BRDA:613,52,1,0
BRDA:624,53,0,1
BRDA:624,53,1,3
BRDA:630,54,0,3
BRDA:630,54,1,3
BRDA:632,55,0,0
BRDA:632,55,1,3
BRDA:681,56,0,1
BRDA:681,56,1,2
BRDA:689,57,0,2
BRDA:689,57,1,0
BRDA:702,58,0,2
BRDA:702,58,1,0
BRDA:707,59,0,2
BRDA:707,59,1,2
BRDA:708,60,0,2
BRDA:708,60,1,0
BRDA:756,61,0,0
BRDA:756,61,1,2
BRDA:778,62,0,2
BRDA:778,62,1,0
BRDA:781,63,0,2
BRDA:781,63,1,0
BRDA:798,64,0,0
BRDA:798,64,1,1
BRDA:807,65,0,0
BRDA:807,65,1,0
BRDA:848,66,0,0
BRDA:848,66,1,0
BRDA:862,67,0,0
BRDA:862,67,1,0
BRDA:915,68,0,0
BRDA:915,68,1,0
BRDA:926,69,0,0
BRDA:926,69,1,0
BRDA:933,70,0,0
BRDA:933,70,1,0
BRDA:936,71,0,0
BRDA:936,71,1,0
BRDA:961,72,0,0
BRDA:961,72,1,0
BRDA:966,73,0,0
BRDA:966,73,1,0
BRDA:967,74,0,0
BRDA:967,74,1,0
BRDA:989,75,0,0
BRDA:989,75,1,0
BRDA:994,76,0,0
BRDA:994,76,1,0
BRDA:995,77,0,0
BRDA:995,77,1,0
BRDA:1004,78,0,0
BRDA:1004,78,1,0
BRDA:1005,79,0,0
BRDA:1005,79,1,0
BRDA:1006,80,0,0
BRDA:1006,80,1,0
BRDA:1009,81,0,0
BRDA:1009,81,1,0
BRDA:1014,82,0,0
BRDA:1014,82,1,0
BRDA:1022,83,0,0
BRDA:1022,83,1,0
BRDA:1023,84,0,0
BRDA:1023,84,1,0
BRDA:1027,85,0,0
BRDA:1027,85,1,0
BRDA:1038,86,0,0
BRDA:1038,86,1,0
BRDA:1038,87,0,0
BRDA:1038,87,1,0
BRDA:1055,88,0,0
BRDA:1055,88,1,0
BRDA:1061,89,0,0
BRDA:1061,89,1,0
BRDA:1072,90,0,0
BRDA:1072,90,1,0
BRDA:1078,91,0,0
BRDA:1078,91,1,0
BRDA:1091,92,0,0
BRDA:1091,92,1,0
BRDA:1102,93,0,0
BRDA:1102,93,1,0
BRDA:1137,94,0,0
BRDA:1137,94,1,0
BRDA:1168,95,0,0
BRDA:1168,95,1,0
BRDA:1184,96,0,0
BRDA:1184,96,1,0
BRDA:1187,97,0,0
BRDA:1187,97,1,0
BRDA:1202,98,0,0
BRDA:1202,98,1,0
BRDA:1215,99,0,0
BRDA:1215,99,1,0
BRDA:1215,100,0,0
BRDA:1215,100,1,0
BRDA:1254,101,0,0
BRDA:1254,101,1,0
BRDA:1267,102,0,0
BRDA:1267,102,1,0
BRDA:1271,103,0,0
BRDA:1271,103,1,0
BRDA:1301,104,0,0
BRDA:1301,104,1,0
BRDA:1323,105,0,0
BRDA:1323,105,1,0
BRDA:1327,106,0,0
BRDA:1327,106,1,0
BRDA:1380,107,0,0
BRDA:1380,107,1,0
BRDA:1386,108,0,0
BRDA:1386,108,1,0
BRDA:1396,109,0,0
BRDA:1396,109,1,0
BRDA:1416,110,0,0
BRDA:1416,110,1,0
BRDA:1441,111,0,0
BRDA:1441,111,1,0
BRDA:1485,112,0,0
BRDA:1485,112,1,0
BRDA:1518,113,0,0
BRDA:1520,114,0,0
BRDA:1520,114,1,0
BRDA:1522,115,0,0
BRDA:1522,115,1,0
BRDA:1522,116,0,0
BRDA:1522,116,1,0
BRDA:1534,117,0,0
BRDA:1534,117,1,0
BRDA:1560,118,0,0
BRDA:1560,118,1,0
BRDA:1564,119,0,0
BRDA:1564,119,1,0
BRDA:1564,120,0,0
BRDA:1564,120,1,0
BRDA:1576,121,0,0
BRDA:1576,121,1,0
BRDA:1588,122,0,0
BRDA:1588,122,1,0
BRDA:1605,123,0,0
BRDA:1605,123,1,0
BRDA:1610,124,0,0
BRDA:1610,124,1,0
BRDA:1658,125,0,0
BRDA:1658,125,1,0
BRDA:1666,126,0,0
BRDA:1666,126,1,0
BRDA:1672,127,0,0
BRDA:1672,127,1,0
BRDA:1673,128,0,0
BRDA:1673,128,1,0
BRDA:1673,128,2,0
BRDA:1699,129,0,0
BRDA:1699,129,1,0
BRDA:1700,130,0,0
BRDA:1700,130,1,0
BRDA:1722,131,0,0
BRDA:1722,131,1,0
BRDA:1729,132,0,0
BRDA:1729,132,1,0
BRDA:1730,133,0,0
BRDA:1730,133,1,0
BRDA:1730,133,2,0
BRDA:1756,134,0,0
BRDA:1756,134,1,0
BRF:268
BRH:28
end_of_record
TN:
SF:src\orders\utils\order-estimate.util.ts
FN:4,recomputeOrderEstimate
FNF:1
FNH:1
FNDA:2,recomputeOrderEstimate
DA:4,2
DA:9,2
DA:13,2
DA:15,2
DA:26,2
DA:28,2
DA:29,2
DA:30,2
DA:33,2
DA:37,2
DA:41,2
DA:43,0
DA:47,2
LF:13
LH:12
BRDA:13,0,0,2
BRDA:13,0,1,0
BRDA:30,1,0,2
BRDA:30,1,1,0
BRDA:33,2,0,2
BRDA:33,2,1,2
BRDA:33,2,2,2
BRDA:37,3,0,0
BRDA:37,3,1,2
BRDA:41,4,0,0
BRDA:41,4,1,2
BRF:11
BRH:7
end_of_record
TN:
SF:src\processes\admin-process.controller.ts
FN:30,(anonymous_4)
FN:34,(anonymous_5)
FN:48,(anonymous_6)
FN:53,(anonymous_7)
FN:60,(anonymous_8)
FN:65,(anonymous_9)
FN:71,(anonymous_10)
FN:76,(anonymous_11)
FN:90,(anonymous_12)
FN:108,(anonymous_13)
FNF:10
FNH:0
FNDA:0,(anonymous_4)
FNDA:0,(anonymous_5)
FNDA:0,(anonymous_6)
FNDA:0,(anonymous_7)
FNDA:0,(anonymous_8)
FNDA:0,(anonymous_9)
FNDA:0,(anonymous_10)
FNDA:0,(anonymous_11)
FNDA:0,(anonymous_12)
FNDA:0,(anonymous_13)
DA:11,0
DA:20,0
DA:21,0
DA:22,0
DA:23,0
DA:24,0
DA:27,0
DA:28,0
DA:30,0
DA:34,0
DA:44,0
DA:48,0
DA:49,0
DA:53,0
DA:56,0
DA:60,0
DA:61,0
DA:65,0
DA:66,0
DA:71,0
DA:72,0
DA:76,0
DA:81,0
DA:85,0
DA:90,0
DA:95,0
DA:99,0
DA:108,0
DA:113,0
DA:117,0
LF:30
LH:0
BRDA:82,0,0,0
BRDA:82,0,1,0
BRF:2
BRH:0
end_of_record
TN:
SF:src\processes\admin-process.service.ts
FN:41,(anonymous_2)
FN:59,(anonymous_3)
FN:91,(anonymous_4)
FN:99,(anonymous_5)
FN:107,(anonymous_6)
FN:118,(anonymous_7)
FN:121,(anonymous_8)
FN:131,(anonymous_9)
FN:144,(anonymous_10)
FN:153,(anonymous_11)
FN:162,(anonymous_12)
FN:193,(anonymous_13)
FN:261,(anonymous_14)
FN:262,(anonymous_15)
FN:270,(anonymous_16)
FN:284,(anonymous_17)
FN:288,(anonymous_18)
FN:295,(anonymous_19)
FN:301,(anonymous_20)
FN:311,(anonymous_21)
FN:343,(anonymous_22)
FN:344,(anonymous_23)
FN:346,(anonymous_24)
FN:347,(anonymous_25)
FN:445,(anonymous_26)
FN:458,(anonymous_27)
FN:482,(anonymous_28)
FN:553,(anonymous_29)
FN:555,(anonymous_30)
FN:561,(anonymous_31)
FN:591,(anonymous_32)
FN:635,(anonymous_33)
FN:662,(anonymous_34)
FN:671,(anonymous_35)
FN:685,(anonymous_36)
FN:689,(anonymous_37)
FN:694,(anonymous_38)
FN:698,(anonymous_39)
FN:703,(anonymous_40)
FN:814,(anonymous_41)
FN:893,(anonymous_42)
FN:905,(anonymous_43)
FN:907,(anonymous_44)
FN:911,(anonymous_45)
FN:941,(anonymous_46)
FN:962,(anonymous_47)
FN:986,(anonymous_48)
FN:987,(anonymous_49)
FN:1020,(anonymous_50)
FN:1095,(anonymous_51)
FN:1122,(anonymous_52)
FN:1129,(anonymous_53)
FN:1130,(anonymous_54)
FN:1155,(anonymous_55)
FN:1165,(anonymous_56)
FN:1212,(anonymous_57)
FN:1222,(anonymous_58)
FN:1324,(anonymous_59)
FN:1328,(anonymous_60)
FNF:59
FNH:0
FNDA:0,(anonymous_2)
FNDA:0,(anonymous_3)
FNDA:0,(anonymous_4)
FNDA:0,(anonymous_5)
FNDA:0,(anonymous_6)
FNDA:0,(anonymous_7)
FNDA:0,(anonymous_8)
FNDA:0,(anonymous_9)
FNDA:0,(anonymous_10)
FNDA:0,(anonymous_11)
FNDA:0,(anonymous_12)
FNDA:0,(anonymous_13)
FNDA:0,(anonymous_14)
FNDA:0,(anonymous_15)
FNDA:0,(anonymous_16)
FNDA:0,(anonymous_17)
FNDA:0,(anonymous_18)
FNDA:0,(anonymous_19)
FNDA:0,(anonymous_20)
FNDA:0,(anonymous_21)
FNDA:0,(anonymous_22)
FNDA:0,(anonymous_23)
FNDA:0,(anonymous_24)
FNDA:0,(anonymous_25)
FNDA:0,(anonymous_26)
FNDA:0,(anonymous_27)
FNDA:0,(anonymous_28)
FNDA:0,(anonymous_29)
FNDA:0,(anonymous_30)
FNDA:0,(anonymous_31)
FNDA:0,(anonymous_32)
FNDA:0,(anonymous_33)
FNDA:0,(anonymous_34)
FNDA:0,(anonymous_35)
FNDA:0,(anonymous_36)
FNDA:0,(anonymous_37)
FNDA:0,(anonymous_38)
FNDA:0,(anonymous_39)
FNDA:0,(anonymous_40)
FNDA:0,(anonymous_41)
FNDA:0,(anonymous_42)
FNDA:0,(anonymous_43)
FNDA:0,(anonymous_44)
FNDA:0,(anonymous_45)
FNDA:0,(anonymous_46)
FNDA:0,(anonymous_47)
FNDA:0,(anonymous_48)
FNDA:0,(anonymous_49)
FNDA:0,(anonymous_50)
FNDA:0,(anonymous_51)
FNDA:0,(anonymous_52)
FNDA:0,(anonymous_53)
FNDA:0,(anonymous_54)
FNDA:0,(anonymous_55)
FNDA:0,(anonymous_56)
FNDA:0,(anonymous_57)
FNDA:0,(anonymous_58)
FNDA:0,(anonymous_59)
FNDA:0,(anonymous_60)
DA:8,0
DA:13,0
DA:14,0
DA:15,0
DA:16,0
DA:17,0
DA:19,0
DA:20,0
DA:21,0
DA:22,0
DA:25,0
DA:26,0
DA:27,0
DA:29,0
DA:45,0
DA:58,0
DA:59,0
DA:62,0
DA:63,0
DA:64,0
DA:66,0
DA:70,0
DA:80,0
DA:81,0
DA:84,0
DA:90,0
DA:92,0
DA:95,0
DA:96,0
DA:99,0
DA:100,0
DA:103,0
DA:108,0
DA:109,0
DA:110,0
DA:111,0
DA:119,0
DA:121,0
DA:122,0
DA:130,0
DA:131,0
DA:139,0
DA:140,0
DA:145,0
DA:149,0
DA:150,0
DA:154,0
DA:159,0
DA:167,0
DA:170,0
DA:172,0
DA:174,0
DA:175,0
DA:178,0
DA:179,0
DA:182,0
DA:183,0
DA:186,0
DA:187,0
DA:190,0
DA:195,0
DA:196,0
DA:197,0
DA:201,0
DA:202,0
DA:203,0
DA:204,0
DA:205,0
DA:223,0
DA:225,0
DA:230,0
DA:245,0
DA:255,0
DA:258,0
DA:259,0
DA:260,0
DA:261,0
DA:262,0
DA:263,0
DA:266,0
DA:270,0
DA:281,0
DA:282,0
DA:284,0
DA:286,0
DA:287,0
DA:288,0
DA:289,0
DA:295,0
DA:296,0
DA:299,0
DA:302,0
DA:306,0
DA:312,0
DA:315,0
DA:317,0
DA:318,0
DA:324,0
DA:325,0
DA:343,0
DA:344,0
DA:346,0
DA:347,0
DA:353,0
DA:354,0
DA:360,0
DA:361,0
DA:370,0
DA:397,0
DA:402,0
DA:445,0
DA:450,0
DA:451,0
DA:452,0
DA:453,0
DA:454,0
DA:455,0
DA:458,0
DA:459,0
DA:464,0
DA:470,0
DA:471,0
DA:475,0
DA:481,0
DA:482,0
DA:484,0
DA:485,0
DA:486,0
DA:552,0
DA:553,0
DA:555,0
DA:561,0
DA:563,0
DA:564,0
DA:566,0
DA:567,0
DA:568,0
DA:571,0
DA:577,0
DA:578,0
DA:579,0
DA:580,0
DA:583,0
DA:584,0
DA:589,0
DA:590,0
DA:591,0
DA:593,0
DA:594,0
DA:595,0
DA:598,0
DA:599,0
DA:600,0
DA:601,0
DA:605,0
DA:628,0
DA:636,0
DA:637,0
DA:640,0
DA:641,0
DA:642,0
DA:643,0
DA:644,0
DA:648,0
DA:649,0
DA:651,0
DA:653,0
DA:654,0
DA:655,0
DA:656,0
DA:660,0
DA:663,0
DA:664,0
DA:665,0
DA:677,0
DA:678,0
DA:679,0
DA:680,0
DA:681,0
DA:682,0
DA:686,0
DA:690,0
DA:692,0
DA:693,0
DA:694,0
DA:703,0
DA:707,0
DA:731,0
DA:732,0
DA:737,0
DA:745,0
DA:746,0
DA:749,0
DA:757,0
DA:758,0
DA:759,0
DA:760,0
DA:761,0
DA:766,0
DA:769,0
DA:771,0
DA:776,0
DA:786,0
DA:787,0
DA:791,0
DA:800,0
DA:801,0
DA:808,0
DA:810,0
DA:811,0
DA:814,0
DA:815,0
DA:818,0
DA:824,0
DA:829,0
DA:838,0
DA:863,0
DA:867,0
DA:868,0
DA:878,0
DA:879,0
DA:891,0
DA:892,0
DA:893,0
DA:896,0
DA:897,0
DA:901,0
DA:906,0
DA:907,0
DA:916,0
DA:927,0
DA:928,0
DA:931,0
DA:933,0
DA:934,0
DA:938,0
DA:941,0
DA:943,0
DA:953,0
DA:955,0
DA:963,0
DA:964,0
DA:967,0
DA:968,0
DA:971,0
DA:982,0
DA:983,0
DA:986,0
DA:987,0
DA:989,0
DA:991,0
DA:997,0
DA:999,0
DA:1004,0
DA:1009,0
DA:1021,0
DA:1069,0
DA:1071,0
DA:1072,0
DA:1073,0
DA:1074,0
DA:1075,0
DA:1079,0
DA:1095,0
DA:1127,0
DA:1129,0
DA:1130,0
DA:1132,0
DA:1133,0
DA:1134,0
DA:1142,0
DA:1161,0
DA:1165,0
DA:1169,0
DA:1179,0
DA:1180,0
DA:1186,0
DA:1191,0
DA:1192,0
DA:1198,0
DA:1212,0
DA:1214,0
DA:1215,0
DA:1218,0
DA:1219,0
DA:1222,0
DA:1224,0
DA:1225,0
DA:1231,0
DA:1233,0
DA:1239,0
DA:1251,0
DA:1263,0
DA:1264,0
DA:1270,0
DA:1281,0
DA:1290,0
DA:1291,0
DA:1301,0
DA:1302,0
DA:1310,0
DA:1316,0
DA:1328,0
DA:1330,0
DA:1335,0
DA:1336,0
DA:1337,0
DA:1344,0
DA:1348,0
DA:1349,0
DA:1350,0
DA:1352,0
DA:1353,0
DA:1358,0
DA:1359,0
DA:1362,0
DA:1368,0
DA:1370,0
DA:1372,0
DA:1373,0
DA:1374,0
DA:1377,0
DA:1380,0
DA:1382,0
DA:1383,0
DA:1384,0
DA:1385,0
DA:1386,0
DA:1387,0
DA:1390,0
DA:1393,0
DA:1396,0
DA:1397,0
DA:1401,0
DA:1402,0
DA:1405,0
DA:1406,0
DA:1410,0
DA:1411,0
DA:1414,0
DA:1420,0
LF:341
LH:0
BRDA:62,0,0,0
BRDA:62,0,1,0
BRDA:63,1,0,0
BRDA:63,1,1,0
BRDA:63,2,0,0
BRDA:63,2,1,0
BRDA:80,3,0,0
BRDA:80,3,1,0
BRDA:80,4,0,0
BRDA:80,4,1,0
BRDA:92,5,0,0
BRDA:92,5,1,0
BRDA:95,6,0,0
BRDA:95,6,1,0
BRDA:99,7,0,0
BRDA:99,7,1,0
BRDA:99,8,0,0
BRDA:99,8,1,0
BRDA:149,9,0,0
BRDA:149,9,1,0
BRDA:167,10,0,0
BRDA:167,10,1,0
BRDA:170,11,0,0
BRDA:170,11,1,0
BRDA:174,12,0,0
BRDA:174,12,1,0
BRDA:178,13,0,0
BRDA:178,13,1,0
BRDA:182,14,0,0
BRDA:182,14,1,0
BRDA:186,15,0,0
BRDA:186,15,1,0
BRDA:196,16,0,0
BRDA:196,16,1,0
BRDA:201,17,0,0
BRDA:201,17,1,0
BRDA:210,18,0,0
BRDA:211,19,0,0
BRDA:231,20,0,0
BRDA:231,20,1,0
BRDA:234,21,0,0
BRDA:234,21,1,0
BRDA:237,22,0,0
BRDA:237,22,1,0
BRDA:246,23,0,0
BRDA:246,23,1,0
BRDA:247,24,0,0
BRDA:247,24,1,0
BRDA:258,25,0,0
BRDA:258,25,1,0
BRDA:259,26,0,0
BRDA:259,26,1,0
BRDA:261,27,0,0
BRDA:261,27,1,0
BRDA:263,28,0,0
BRDA:263,28,1,0
BRDA:281,29,0,0
BRDA:281,29,1,0
BRDA:286,30,0,0
BRDA:286,30,1,0
BRDA:296,31,0,0
BRDA:296,31,1,0
BRDA:299,32,0,0
BRDA:299,32,1,0
BRDA:302,33,0,0
BRDA:302,33,1,0
BRDA:312,34,0,0
BRDA:312,34,1,0
BRDA:317,35,0,0
BRDA:317,35,1,0
BRDA:324,36,0,0
BRDA:324,36,1,0
BRDA:353,37,0,0
BRDA:353,37,1,0
BRDA:360,38,0,0
BRDA:360,38,1,0
BRDA:372,39,0,0
BRDA:372,39,1,0
BRDA:373,40,0,0
BRDA:373,40,1,0
BRDA:374,41,0,0
BRDA:374,41,1,0
BRDA:381,42,0,0
BRDA:381,42,1,0
BRDA:381,43,0,0
BRDA:381,43,1,0
BRDA:384,44,0,0
BRDA:384,44,1,0
BRDA:385,45,0,0
BRDA:385,45,1,0
BRDA:389,46,0,0
BRDA:389,46,1,0
BRDA:450,47,0,0
BRDA:450,47,1,0
BRDA:451,48,0,0
BRDA:451,48,1,0
BRDA:453,49,0,0
BRDA:453,49,1,0
BRDA:453,50,0,0
BRDA:453,50,1,0
BRDA:454,51,0,0
BRDA:454,51,1,0
BRDA:470,52,0,0
BRDA:470,52,1,0
BRDA:485,53,0,0
BRDA:485,53,1,0
BRDA:566,54,0,0
BRDA:566,54,1,0
BRDA:571,55,0,0
BRDA:571,55,1,0
BRDA:571,56,0,0
BRDA:571,56,1,0
BRDA:573,57,0,0
BRDA:573,57,1,0
BRDA:578,58,0,0
BRDA:578,58,1,0
BRDA:579,59,0,0
BRDA:579,59,1,0
BRDA:583,60,0,0
BRDA:583,60,1,0
BRDA:583,61,0,0
BRDA:583,61,1,0
BRDA:598,62,0,0
BRDA:598,62,1,0
BRDA:598,63,0,0
BRDA:598,63,1,0
BRDA:600,64,0,0
BRDA:600,64,1,0
BRDA:600,65,0,0
BRDA:600,65,1,0
BRDA:615,66,0,0
BRDA:615,66,1,0
BRDA:636,67,0,0
BRDA:636,67,1,0
BRDA:641,68,0,0
BRDA:641,68,1,0
BRDA:641,69,0,0
BRDA:641,69,1,0
BRDA:644,70,0,0
BRDA:644,70,1,0
BRDA:648,71,0,0
BRDA:648,71,1,0
BRDA:653,72,0,0
BRDA:653,72,1,0
BRDA:655,73,0,0
BRDA:655,73,1,0
BRDA:663,74,0,0
BRDA:663,74,1,0
BRDA:664,75,0,0
BRDA:664,75,1,0
BRDA:665,76,0,0
BRDA:665,76,1,0
BRDA:677,77,0,0
BRDA:677,77,1,0
BRDA:678,78,0,0
BRDA:678,78,1,0
BRDA:679,79,0,0
BRDA:679,79,1,0
BRDA:679,80,0,0
BRDA:679,80,1,0
BRDA:681,81,0,0
BRDA:681,81,1,0
BRDA:686,82,0,0
BRDA:686,82,1,0
BRDA:686,82,2,0
BRDA:690,83,0,0
BRDA:690,83,1,0
BRDA:693,84,0,0
BRDA:693,84,1,0
BRDA:731,85,0,0
BRDA:731,85,1,0
BRDA:759,86,0,0
BRDA:759,86,1,0
BRDA:760,87,0,0
BRDA:760,87,1,0
BRDA:760,87,2,0
BRDA:766,88,0,0
BRDA:766,88,1,0
BRDA:766,88,2,0
BRDA:786,89,0,0
BRDA:786,89,1,0
BRDA:786,90,0,0
BRDA:786,90,1,0
BRDA:800,91,0,0
BRDA:800,91,1,0
BRDA:808,92,0,0
BRDA:808,92,1,0
BRDA:810,93,0,0
BRDA:810,93,1,0
BRDA:814,94,0,0
BRDA:814,94,1,0
BRDA:818,95,0,0
BRDA:818,95,1,0
BRDA:824,96,0,0
BRDA:824,96,1,0
BRDA:830,97,0,0
BRDA:830,97,1,0
BRDA:843,98,0,0
BRDA:843,98,1,0
BRDA:844,99,0,0
BRDA:844,99,1,0
BRDA:845,100,0,0
BRDA:845,100,1,0
BRDA:846,101,0,0
BRDA:846,101,1,0
BRDA:849,102,0,0
BRDA:849,102,1,0
BRDA:852,103,0,0
BRDA:852,103,1,0
BRDA:853,104,0,0
BRDA:853,104,1,0
BRDA:867,105,0,0
BRDA:867,105,1,0
BRDA:878,106,0,0
BRDA:878,106,1,0
BRDA:891,107,0,0
BRDA:891,107,1,0
BRDA:891,108,0,0
BRDA:891,108,1,0
BRDA:896,109,0,0
BRDA:896,109,1,0
BRDA:906,110,0,0
BRDA:906,110,1,0
BRDA:927,111,0,0
BRDA:927,111,1,0
BRDA:931,112,0,0
BRDA:931,112,1,0
BRDA:933,113,0,0
BRDA:933,113,1,0
BRDA:963,114,0,0
BRDA:963,114,1,0
BRDA:967,115,0,0
BRDA:967,115,1,0
BRDA:982,116,0,0
BRDA:982,116,1,0
BRDA:997,117,0,0
BRDA:997,117,1,0
BRDA:1069,118,0,0
BRDA:1069,118,1,0
BRDA:1072,119,0,0
BRDA:1072,119,1,0
BRDA:1074,120,0,0
BRDA:1074,120,1,0
BRDA:1074,121,0,0
BRDA:1074,121,1,0
BRDA:1095,122,0,0
BRDA:1095,122,1,0
BRDA:1097,123,0,0
BRDA:1097,123,1,0
BRDA:1098,124,0,0
BRDA:1098,124,1,0
BRDA:1102,125,0,0
BRDA:1102,125,1,0
BRDA:1104,126,0,0
BRDA:1104,126,1,0
BRDA:1106,127,0,0
BRDA:1106,127,1,0
BRDA:1125,128,0,0
BRDA:1132,129,0,0
BRDA:1132,129,1,0
BRDA:1137,130,0,0
BRDA:1137,130,1,0
BRDA:1138,131,0,0
BRDA:1138,131,1,0
BRDA:1145,132,0,0
BRDA:1145,132,1,0
BRDA:1146,133,0,0
BRDA:1146,133,1,0
BRDA:1179,134,0,0
BRDA:1179,134,1,0
BRDA:1191,135,0,0
BRDA:1191,135,1,0
BRDA:1214,136,0,0
BRDA:1214,136,1,0
BRDA:1218,137,0,0
BRDA:1218,137,1,0
BRDA:1224,138,0,0
BRDA:1224,138,1,0
BRDA:1231,139,0,0
BRDA:1231,139,1,0
BRDA:1255,140,0,0
BRDA:1255,140,1,0
BRDA:1256,141,0,0
BRDA:1256,141,1,0
BRDA:1263,142,0,0
BRDA:1263,142,1,0
BRDA:1290,143,0,0
BRDA:1290,143,1,0
BRDA:1301,144,0,0
BRDA:1301,144,1,0
BRDA:1336,145,0,0
BRDA:1336,145,1,0
BRDA:1336,146,0,0
BRDA:1336,146,1,0
BRDA:1349,147,0,0
BRDA:1349,147,1,0
BRDA:1352,148,0,0
BRDA:1352,148,1,0
BRDA:1358,149,0,0
BRDA:1358,149,1,0
BRDA:1370,150,0,0
BRDA:1370,150,1,0
BRDA:1372,151,0,0
BRDA:1372,151,1,0
BRDA:1380,152,0,0
BRDA:1380,152,1,0
BRDA:1380,152,2,0
BRDA:1380,152,3,0
BRDA:1382,153,0,0
BRDA:1382,153,1,0
BRDA:1382,154,0,0
BRDA:1382,154,1,0
BRDA:1385,155,0,0
BRDA:1385,155,1,0
BRDA:1385,156,0,0
BRDA:1385,156,1,0
BRDA:1396,157,0,0
BRDA:1396,157,1,0
BRDA:1405,158,0,0
BRDA:1405,158,1,0
BRF:320
BRH:0
end_of_record
TN:
SF:src\processes\processes.module.ts
FNF:0
FNH:0
DA:1,0
DA:2,0
DA:3,0
DA:4,0
DA:5,0
DA:6,0
DA:14,0
LF:7
LH:0
BRF:0
BRH:0
end_of_record
TN:
SF:src\reports\reports.controller.ts
FN:8,(anonymous_4)
FN:11,(anonymous_5)
FN:33,(anonymous_6)
FNF:3
FNH:0
FNDA:0,(anonymous_4)
FNDA:0,(anonymous_5)
FNDA:0,(anonymous_6)
DA:1,0
DA:2,0
DA:3,0
DA:7,0
DA:8,0
DA:11,0
DA:15,0
DA:17,0
DA:18,0
DA:19,0
DA:20,0
DA:21,0
DA:22,0
DA:26,0
DA:29,0
DA:33,0
DA:37,0
LF:17
LH:0
BRDA:17,0,0,0
BRDA:17,0,1,0
BRF:2
BRH:0
end_of_record
TN:
SF:src\reports\reports.module.ts
FNF:0
FNH:0
DA:1,0
DA:2,0
DA:3,0
DA:4,0
DA:11,0
LF:5
LH:0
BRF:0
BRH:0
end_of_record
TN:
SF:src\reports\reports.service.ts
FN:9,(anonymous_11)
FN:11,(anonymous_12)
FN:69,(anonymous_13)
FN:122,(anonymous_14)
FN:131,(anonymous_15)
FN:157,(anonymous_16)
FN:230,(anonymous_17)
FN:335,(anonymous_18)
FN:377,(anonymous_19)
FN:472,(anonymous_20)
FNF:10
FNH:0
FNDA:0,(anonymous_11)
FNDA:0,(anonymous_12)
FNDA:0,(anonymous_13)
FNDA:0,(anonymous_14)
FNDA:0,(anonymous_15)
FNDA:0,(anonymous_16)
FNDA:0,(anonymous_17)
FNDA:0,(anonymous_18)
FNDA:0,(anonymous_19)
FNDA:0,(anonymous_20)
DA:1,0
DA:2,0
DA:3,0
DA:8,0
DA:9,0
DA:22,0
DA:24,0
DA:29,0
DA:30,0
DA:33,0
DA:34,0
DA:36,0
DA:37,0
DA:38,0
DA:39,0
DA:40,0
DA:41,0
DA:42,0
DA:45,0
DA:46,0
DA:50,0
DA:51,0
DA:52,0
DA:53,0
DA:54,0
DA:55,0
DA:57,0
DA:58,0
DA:59,0
DA:60,0
DA:61,0
DA:64,0
DA:69,0
DA:71,0
DA:72,0
DA:73,0
DA:75,0
DA:89,0
DA:122,0
DA:123,0
DA:131,0
DA:133,0
DA:136,0
DA:137,0
DA:139,0
DA:140,0
DA:143,0
DA:144,0
DA:145,0
DA:146,0
DA:149,0
DA:151,0
DA:152,0
DA:153,0
DA:154,0
DA:157,0
DA:158,0
DA:159,0
DA:163,0
DA:164,0
DA:168,0
DA:170,0
DA:173,0
DA:175,0
DA:176,0
DA:177,0
DA:178,0
DA:180,0
DA:181,0
DA:182,0
DA:183,0
DA:184,0
DA:186,0
DA:187,0
DA:194,0
DA:195,0
DA:203,0
DA:205,0
DA:208,0
DA:209,0
DA:211,0
DA:212,0
DA:214,0
DA:216,0
DA:218,0
DA:221,0
DA:223,0
DA:227,0
DA:228,0
DA:230,0
DA:231,0
DA:243,0
DA:244,0
DA:247,0
DA:248,0
DA:250,0
DA:251,0
DA:252,0
DA:253,0
DA:254,0
DA:255,0
DA:259,0
DA:262,0
DA:273,0
DA:274,0
DA:279,0
DA:287,0
DA:290,0
DA:291,0
DA:292,0
DA:293,0
DA:295,0
DA:300,0
DA:305,0
DA:310,0
DA:315,0
DA:320,0
DA:324,0
DA:327,0
DA:328,0
DA:330,0
DA:331,0
DA:334,0
DA:335,0
DA:338,0
DA:342,0
DA:343,0
DA:347,0
DA:349,0
DA:352,0
DA:354,0
DA:355,0
DA:358,0
DA:359,0
DA:360,0
DA:364,0
DA:374,0
DA:375,0
DA:378,0
DA:388,0
DA:389,0
DA:390,0
DA:393,0
DA:396,0
DA:400,0
DA:401,0
DA:405,0
DA:407,0
DA:427,0
DA:428,0
DA:430,0
DA:433,0
DA:436,0
DA:439,0
DA:440,0
DA:441,0
DA:443,0
DA:444,0
DA:447,0
DA:450,0
DA:451,0
DA:452,0
DA:454,0
DA:455,0
DA:456,0
DA:459,0
DA:474,0
DA:479,0
DA:481,0
DA:482,0
DA:484,0
DA:503,0
DA:506,0
DA:507,0
DA:513,0
DA:517,0
DA:522,0
DA:523,0
LF:178
LH:0
BRDA:29,0,0,0
BRDA:29,0,1,0
BRDA:34,1,0,0
BRDA:34,1,1,0
BRDA:36,2,0,0
BRDA:36,2,1,0
BRDA:36,3,0,0
BRDA:36,3,1,0
BRDA:38,4,0,0
BRDA:38,4,1,0
BRDA:40,5,0,0
BRDA:40,5,1,0
BRDA:45,6,0,0
BRDA:45,6,1,0
BRDA:50,7,0,0
BRDA:50,7,1,0
BRDA:50,8,0,0
BRDA:50,8,1,0
BRDA:50,8,2,0
BRDA:50,8,3,0
BRDA:52,9,0,0
BRDA:52,9,1,0
BRDA:52,10,0,0
BRDA:52,10,1,0
BRDA:57,11,0,0
BRDA:57,11,1,0
BRDA:57,12,0,0
BRDA:57,12,1,0
BRDA:60,13,0,0
BRDA:60,13,1,0
BRDA:71,14,0,0
BRDA:71,14,1,0
BRDA:73,15,0,0
BRDA:73,15,1,0
BRDA:79,16,0,0
BRDA:79,16,1,0
BRDA:80,17,0,0
BRDA:80,17,1,0
BRDA:136,18,0,0
BRDA:136,18,1,0
BRDA:136,19,0,0
BRDA:136,19,1,0
BRDA:137,20,0,0
BRDA:137,20,1,0
BRDA:137,21,0,0
BRDA:137,21,1,0
BRDA:139,22,0,0
BRDA:139,22,1,0
BRDA:143,23,0,0
BRDA:143,23,1,0
BRDA:143,24,0,0
BRDA:143,24,1,0
BRDA:144,25,0,0
BRDA:144,25,1,0
BRDA:144,26,0,0
BRDA:144,26,1,0
BRDA:145,27,0,0
BRDA:145,27,1,0
BRDA:158,28,0,0
BRDA:158,28,1,0
BRDA:159,29,0,0
BRDA:159,29,1,0
BRDA:160,30,0,0
BRDA:160,30,1,0
BRDA:164,31,0,0
BRDA:164,31,1,0
BRDA:165,32,0,0
BRDA:165,32,1,0
BRDA:176,33,0,0
BRDA:176,33,1,0
BRDA:177,34,0,0
BRDA:177,34,1,0
BRDA:177,35,0,0
BRDA:177,35,1,0
BRDA:182,36,0,0
BRDA:182,36,1,0
BRDA:186,37,0,0
BRDA:186,37,1,0
BRDA:190,38,0,0
BRDA:190,38,1,0
BRDA:194,39,0,0
BRDA:194,39,1,0
BRDA:196,40,0,0
BRDA:196,40,1,0
BRDA:205,41,0,0
BRDA:205,41,1,0
BRDA:205,41,2,0
BRDA:208,42,0,0
BRDA:208,42,1,0
BRDA:208,43,0,0
BRDA:208,43,1,0
BRDA:208,43,2,0
BRDA:209,44,0,0
BRDA:209,44,1,0
BRDA:209,45,0,0
BRDA:209,45,1,0
BRDA:209,45,2,0
BRDA:212,46,0,0
BRDA:212,46,1,0
BRDA:212,47,0,0
BRDA:212,47,1,0
BRDA:216,48,0,0
BRDA:216,48,1,0
BRDA:216,49,0,0
BRDA:216,49,1,0
BRDA:218,50,0,0
BRDA:218,50,1,0
BRDA:221,51,0,0
BRDA:221,51,1,0
BRDA:223,52,0,0
BRDA:223,52,1,0
BRDA:223,53,0,0
BRDA:223,53,1,0
BRDA:232,54,0,0
BRDA:232,54,1,0
BRDA:232,54,2,0
BRDA:232,54,3,0
BRDA:232,54,4,0
BRDA:232,54,5,0
BRDA:232,54,6,0
BRDA:232,54,7,0
BRDA:243,55,0,0
BRDA:243,55,1,0
BRDA:251,56,0,0
BRDA:251,56,1,0
BRDA:252,57,0,0
BRDA:252,57,1,0
BRDA:252,58,0,0
BRDA:252,58,1,0
BRDA:259,59,0,0
BRDA:259,59,1,0
BRDA:262,60,0,0
BRDA:262,60,1,0
BRDA:262,60,2,0
BRDA:262,60,3,0
BRDA:262,60,4,0
BRDA:262,60,5,0
BRDA:262,60,6,0
BRDA:262,60,7,0
BRDA:262,60,8,0
BRDA:262,60,9,0
BRDA:273,61,0,0
BRDA:273,61,1,0
BRDA:279,62,0,0
BRDA:279,62,1,0
BRDA:281,63,0,0
BRDA:281,63,1,0
BRDA:281,63,2,0
BRDA:281,63,3,0
BRDA:281,63,4,0
BRDA:281,63,5,0
BRDA:291,64,0,0
BRDA:291,64,1,0
BRDA:293,65,0,0
BRDA:293,65,1,0
BRDA:295,66,0,0
BRDA:295,66,1,0
BRDA:295,66,2,0
BRDA:295,66,3,0
BRDA:295,66,4,0
BRDA:301,67,0,0
BRDA:301,67,1,0
BRDA:310,68,0,0
BRDA:310,68,1,0
BRDA:311,69,0,0
BRDA:311,69,1,0
BRDA:311,69,2,0
BRDA:311,69,3,0
BRDA:316,70,0,0
BRDA:316,70,1,0
BRDA:316,70,2,0
BRDA:320,71,0,0
BRDA:320,71,1,0
BRDA:321,72,0,0
BRDA:321,72,1,0
BRDA:327,73,0,0
BRDA:327,73,1,0
BRDA:328,74,0,0
BRDA:328,74,1,0
BRDA:330,75,0,0
BRDA:330,75,1,0
BRDA:338,76,0,0
BRDA:338,76,1,0
BRDA:342,77,0,0
BRDA:342,77,1,0
BRDA:342,78,0,0
BRDA:342,78,1,0
BRDA:342,78,2,0
BRDA:349,79,0,0
BRDA:349,79,1,0
BRDA:352,80,0,0
BRDA:352,80,1,0
BRDA:354,81,0,0
BRDA:354,81,1,0
BRDA:355,82,0,0
BRDA:355,82,1,0
BRDA:359,83,0,0
BRDA:359,83,1,0
BRDA:364,84,0,0
BRDA:364,84,1,0
BRDA:364,84,2,0
BRDA:364,84,3,0
BRDA:364,84,4,0
BRDA:364,84,5,0
BRDA:364,84,6,0
BRDA:364,84,7,0
BRDA:364,84,8,0
BRDA:374,85,0,0
BRDA:374,85,1,0
BRDA:374,86,0,0
BRDA:374,86,1,0
BRDA:378,87,0,0
BRDA:378,87,1,0
BRDA:378,87,2,0
BRDA:378,87,3,0
BRDA:378,87,4,0
BRDA:388,88,0,0
BRDA:388,88,1,0
BRDA:400,89,0,0
BRDA:400,89,1,0
BRDA:400,90,0,0
BRDA:400,90,1,0
BRDA:400,90,2,0
BRDA:405,91,0,0
BRDA:405,91,1,0
BRDA:409,92,0,0
BRDA:409,92,1,0
BRDA:412,93,0,0
BRDA:412,93,1,0
BRDA:419,94,0,0
BRDA:419,94,1,0
BRDA:420,95,0,0
BRDA:420,95,1,0
BRDA:433,96,0,0
BRDA:433,96,1,0
BRDA:436,97,0,0
BRDA:436,97,1,0
BRDA:440,98,0,0
BRDA:440,98,1,0
BRDA:444,99,0,0
BRDA:444,99,1,0
BRDA:451,100,0,0
BRDA:451,100,1,0
BRDA:452,101,0,0
BRDA:452,101,1,0
BRDA:454,102,0,0
BRDA:454,102,1,0
BRDA:454,103,0,0
BRDA:454,103,1,0
BRDA:465,104,0,0
BRDA:465,104,1,0
BRF:251
BRH:0
end_of_record
TN:
SF:src\reports\dto\reports.query.dto.ts
FNF:0
FNH:0
DA:1,0
DA:3,0
DA:6,0
DA:10,0
DA:14,0
DA:18,0
DA:22,0
DA:26,0
DA:30,0
DA:34,0
DA:38,0
LF:11
LH:0
BRF:0
BRH:0
end_of_record
TN:
SF:src\run-templates\run-templates.controller.ts
FN:12,(anonymous_4)
FN:15,(anonymous_5)
FN:20,(anonymous_6)
FN:25,(anonymous_7)
FNF:4
FNH:0
FNDA:0,(anonymous_4)
FNDA:0,(anonymous_5)
FNDA:0,(anonymous_6)
FNDA:0,(anonymous_7)
DA:3,0
DA:4,0
DA:5,0
DA:6,0
DA:9,0
DA:10,0
DA:12,0
DA:15,0
DA:16,0
DA:20,0
DA:21,0
DA:25,0
DA:26,0
DA:27,0
LF:14
LH:0
BRF:0
BRH:0
end_of_record
TN:
SF:src\run-templates\run-templates.module.ts
FNF:0
FNH:0
DA:1,0
DA:2,0
DA:3,0
DA:10,0
LF:4
LH:0
BRF:0
BRH:0
end_of_record
TN:
SF:src\run-templates\run-templates.service.ts
FN:13,(anonymous_2)
FN:15,(anonymous_3)
FN:16,(anonymous_4)
FN:49,(anonymous_5)
FN:58,(anonymous_6)
FN:88,(anonymous_7)
FN:102,(anonymous_8)
FN:118,(anonymous_9)
FNF:8
FNH:0
FNDA:0,(anonymous_2)
FNDA:0,(anonymous_3)
FNDA:0,(anonymous_4)
FNDA:0,(anonymous_5)
FNDA:0,(anonymous_6)
FNDA:0,(anonymous_7)
FNDA:0,(anonymous_8)
FNDA:0,(anonymous_9)
DA:2,0
DA:4,0
DA:5,0
DA:6,0
DA:7,0
DA:10,0
DA:11,0
DA:13,0
DA:16,0
DA:17,0
DA:20,0
DA:23,0
DA:25,0
DA:31,0
DA:37,0
DA:50,0
DA:59,0
DA:81,0
DA:82,0
DA:85,0
DA:94,0
DA:101,0
DA:102,0
DA:111,0
DA:117,0
DA:118,0
DA:126,0
LF:27
LH:0
BRDA:81,0,0,0
BRDA:81,0,1,0
BRF:2
BRH:0
end_of_record
TN:
SF:src\run-templates\formula\formula-validator.ts
FN:5,validateBillingFormula
FN:10,(anonymous_1)
FN:10,(anonymous_2)
FN:15,(anonymous_3)
FNF:4
FNH:0
FNDA:0,validateBillingFormula
FNDA:0,(anonymous_1)
FNDA:0,(anonymous_2)
FNDA:0,(anonymous_3)
DA:2,0
DA:3,0
DA:5,0
DA:9,0
DA:10,0
DA:13,0
DA:15,0
DA:16,0
DA:17,0
DA:22,0
DA:23,0
LF:11
LH:0
BRDA:16,0,0,0
BRDA:16,0,1,0
BRDA:22,1,0,0
BRDA:22,1,1,0
BRDA:23,2,0,0
BRDA:23,2,1,0
BRF:6
BRH:0
end_of_record
TN:
SF:src\run-templates\utils\field-normalizer.ts
FN:4,toFormulaKey
FN:16,attachFormulaKeys
FN:21,(anonymous_2)
FNF:3
FNH:0
FNDA:0,toFormulaKey
FNDA:0,attachFormulaKeys
FNDA:0,(anonymous_2)
DA:2,0
DA:4,0
DA:5,0
DA:16,0
DA:19,0
DA:21,0
DA:22,0
DA:24,0
DA:25,0
DA:32,0
DA:34,0
LF:11
LH:0
BRDA:24,0,0,0
BRDA:24,0,1,0
BRF:2
BRH:0
end_of_record
TN:
SF:src\runs\run-fields.validator.ts
FN:17,(anonymous_1)
FNF:1
FNH:0
FNDA:0,(anonymous_1)
DA:1,1
DA:3,1
DA:14,1
DA:15,0
DA:18,0
DA:19,0
DA:21,0
DA:22,0
DA:25,0
DA:27,0
DA:29,0
DA:30,0
DA:32,0
DA:35,0
DA:36,0
DA:38,0
DA:39,0
DA:41,0
DA:42,0
DA:44,0
DA:47,0
DA:48,0
DA:50,0
DA:54,0
LF:24
LH:3
BRDA:21,0,0,0
BRDA:21,0,1,0
BRDA:21,1,0,0
BRDA:21,1,1,0
BRDA:25,2,0,0
BRDA:25,2,1,0
BRDA:27,3,0,0
BRDA:27,3,1,0
BRDA:27,3,2,0
BRDA:29,4,0,0
BRDA:29,4,1,0
BRDA:35,5,0,0
BRDA:35,5,1,0
BRDA:38,6,0,0
BRDA:38,6,1,0
BRDA:38,7,0,0
BRDA:38,7,1,0
BRDA:41,8,0,0
BRDA:41,8,1,0
BRDA:41,9,0,0
BRDA:41,9,1,0
BRDA:47,10,0,0
BRDA:47,10,1,0
BRF:23
BRH:0
end_of_record
TN:
SF:src\runs\run-template.validator.ts
FN:9,(anonymous_2)
FN:11,(anonymous_3)
FN:14,(anonymous_4)
FN:29,(anonymous_5)
FNF:4
FNH:0
FNDA:0,(anonymous_2)
FNDA:0,(anonymous_3)
FNDA:0,(anonymous_4)
FNDA:0,(anonymous_5)
DA:1,0
DA:2,0
DA:3,0
DA:6,0
DA:7,0
DA:9,0
DA:14,0
DA:16,0
DA:23,0
DA:24,0
DA:25,0
DA:28,0
DA:29,0
DA:31,0
LF:14
LH:0
BRDA:23,0,0,0
BRDA:23,0,1,0
BRF:2
BRH:0
end_of_record
TN:
SF:src\runs\runs.controller.ts
FN:6,(anonymous_4)
FN:9,(anonymous_5)
FN:17,(anonymous_6)
FNF:3
FNH:0
FNDA:0,(anonymous_4)
FNDA:0,(anonymous_5)
FNDA:0,(anonymous_6)
DA:1,0
DA:2,0
DA:5,0
DA:6,0
DA:9,0
DA:13,0
DA:17,0
DA:22,0
LF:8
LH:0
BRF:0
BRH:0
end_of_record
TN:
SF:src\runs\runs.module.ts
FNF:0
FNH:0
DA:1,0
DA:2,0
DA:3,0
DA:4,0
DA:5,0
DA:13,0
LF:6
LH:0
BRF:0
BRH:0
end_of_record
TN:
SF:src\runs\runs.service.ts
FN:24,getEffectiveLocationId
FN:43,(anonymous_3)
FN:51,(anonymous_4)
FN:66,(anonymous_5)
FN:90,(anonymous_6)
FN:107,(anonymous_7)
FN:120,(anonymous_8)
FN:126,(anonymous_9)
FN:136,(anonymous_10)
FNF:9
FNH:1
FNDA:19,getEffectiveLocationId
FNDA:0,(anonymous_3)
FNDA:0,(anonymous_4)
FNDA:0,(anonymous_5)
FNDA:0,(anonymous_6)
FNDA:0,(anonymous_7)
FNDA:0,(anonymous_8)
FNDA:0,(anonymous_9)
FNDA:0,(anonymous_10)
DA:1,1
DA:2,1
DA:3,1
DA:4,1
DA:5,1
DA:6,1
DA:9,1
DA:24,1
DA:30,19
DA:32,19
DA:33,8
DA:36,11
DA:40,1
DA:41,0
DA:44,0
DA:45,0
DA:46,0
DA:52,0
DA:59,0
DA:60,0
DA:63,0
DA:71,0
DA:83,0
DA:84,0
DA:87,0
DA:91,0
DA:98,0
DA:99,0
DA:102,0
DA:108,0
DA:110,0
DA:121,0
DA:131,0
DA:132,0
DA:133,0
DA:142,0
DA:146,0
DA:147,0
LF:38
LH:13
BRDA:32,0,0,8
BRDA:32,0,1,11
BRDA:32,1,0,19
BRDA:32,1,1,18
BRDA:33,2,0,8
BRDA:33,2,1,1
BRDA:33,2,2,0
BRDA:36,3,0,11
BRDA:36,3,1,3
BRDA:36,3,2,2
BRDA:59,4,0,0
BRDA:59,4,1,0
BRDA:83,5,0,0
BRDA:83,5,1,0
BRDA:98,6,0,0
BRDA:98,6,1,0
BRF:16
BRH:9
end_of_record
TN:
SF:src\test\db.ts
FN:4,assertTestDatabase
FN:22,cleanDatabase
FN:59,seedSimpleWorkflow
FN:96,seedRunTemplate
FN:117,seedProcess
FN:136,seedCustomer
FN:150,seedUser
FN:163,seedOrder
FNF:8
FNH:8
FNDA:18,assertTestDatabase
FNDA:18,cleanDatabase
FNDA:13,seedSimpleWorkflow
FNDA:5,seedRunTemplate
FNDA:5,seedProcess
FNDA:7,seedCustomer
FNDA:14,seedUser
FNDA:5,seedOrder
DA:5,18
DA:6,18
DA:8,0
DA:9,0
DA:10,0
DA:22,3
DA:23,18
DA:25,18
DA:26,18
DA:27,18
DA:28,18
DA:29,18
DA:32,18
DA:33,18
DA:34,18
DA:37,18
DA:38,18
DA:39,18
DA:42,18
DA:43,18
DA:44,18
DA:47,18
DA:48,18
DA:49,18
DA:52,18
DA:53,18
DA:54,18
DA:59,3
DA:65,13
DA:69,13
DA:70,13
DA:71,27
DA:79,27
DA:82,13
DA:83,14
DA:93,13
DA:96,3
DA:106,5
DA:117,3
DA:122,5
DA:125,5
DA:133,5
DA:136,3
DA:140,7
DA:150,3
DA:154,14
DA:163,3
DA:175,5
LF:48
LH:45
BRDA:5,0,0,18
BRDA:5,0,1,0
BRDA:6,1,0,0
BRDA:6,1,1,18
BRDA:6,2,0,18
BRDA:6,2,1,18
BRDA:6,2,2,18
BRDA:8,3,0,0
BRDA:8,3,1,0
BRDA:8,3,2,0
BRDA:9,4,0,0
BRDA:9,4,1,0
BRDA:88,5,0,14
BRDA:88,5,1,13
BRDA:110,6,0,5
BRDA:110,6,1,5
BRDA:120,7,0,0
BRDA:138,8,0,5
BRDA:142,9,0,7
BRDA:142,9,1,6
BRDA:143,10,0,7
BRDA:143,10,1,6
BRDA:144,11,0,7
BRDA:144,11,1,6
BRDA:152,12,0,13
BRDA:156,13,0,14
BRDA:156,13,1,13
BRDA:157,14,0,14
BRDA:157,14,1,13
BRDA:177,15,0,5
BRDA:177,15,1,4
BRDA:180,16,0,5
BRDA:180,16,1,2
BRDA:181,17,0,5
BRDA:181,17,1,3
BRDA:182,18,0,5
BRDA:182,18,1,2
BRDA:183,19,0,5
BRDA:183,19,1,0
BRF:39
BRH:30
end_of_record
TN:
SF:src\test\prisma.ts
FN:7,getTestPrisma
FN:14,disconnectTestPrisma
FNF:2
FNH:2
FNDA:3,getTestPrisma
FNDA:3,disconnectTestPrisma
DA:1,3
DA:7,3
DA:8,3
DA:9,3
DA:11,3
DA:14,3
DA:15,3
DA:16,3
LF:8
LH:8
BRDA:8,0,0,3
BRDA:8,0,1,0
BRF:2
BRH:1
end_of_record
TN:
SF:src\types\express.d.ts
FNF:0
FNH:0
LF:0
LH:0
BRF:0
BRH:0
end_of_record
TN:
SF:src\user\user.controller.ts
FN:20,(anonymous_4)
FN:23,(anonymous_5)
FN:32,(anonymous_6)
FN:42,(anonymous_7)
FN:51,(anonymous_8)
FNF:5
FNH:0
FNDA:0,(anonymous_4)
FNDA:0,(anonymous_5)
FNDA:0,(anonymous_6)
FNDA:0,(anonymous_7)
FNDA:0,(anonymous_8)
DA:1,0
DA:6,0
DA:15,0
DA:16,0
DA:19,0
DA:20,0
DA:23,0
DA:24,0
DA:25,0
DA:26,0
DA:28,0
DA:32,0
DA:33,0
DA:34,0
DA:35,0
DA:37,0
DA:38,0
DA:42,0
DA:43,0
DA:44,0
DA:45,0
DA:47,0
DA:51,0
DA:52,0
LF:24
LH:0
BRDA:25,0,0,0
BRDA:25,0,1,0
BRDA:34,1,0,0
BRDA:34,1,1,0
BRDA:44,2,0,0
BRDA:44,2,1,0
BRF:6
BRH:0
end_of_record
TN:
SF:src\user\user.module.ts
FNF:0
FNH:0
DA:1,0
DA:2,0
DA:3,0
DA:4,0
DA:11,0
LF:5
LH:0
BRF:0
BRH:0
end_of_record
TN:
SF:src\user\user.service.ts
FN:15,(anonymous_2)
FN:21,(anonymous_3)
FN:51,(anonymous_4)
FN:74,(anonymous_5)
FN:112,(anonymous_6)
FN:119,(anonymous_7)
FN:154,(anonymous_8)
FN:173,(anonymous_9)
FNF:8
FNH:0
FNDA:0,(anonymous_2)
FNDA:0,(anonymous_3)
FNDA:0,(anonymous_4)
FNDA:0,(anonymous_5)
FNDA:0,(anonymous_6)
FNDA:0,(anonymous_7)
FNDA:0,(anonymous_8)
FNDA:0,(anonymous_9)
DA:2,0
DA:7,0
DA:8,0
DA:12,0
DA:13,0
DA:15,0
DA:22,0
DA:24,0
DA:43,0
DA:44,0
DA:52,0
DA:54,0
DA:55,0
DA:58,0
DA:67,0
DA:75,0
DA:79,0
DA:80,0
DA:84,0
DA:85,0
DA:90,0
DA:91,0
DA:94,0
DA:98,0
DA:99,0
DA:102,0
DA:107,0
DA:113,0
DA:116,0
DA:119,0
DA:123,0
DA:132,0
DA:146,0
DA:155,0
DA:160,0
DA:161,0
DA:162,0
DA:163,0
DA:164,0
DA:167,0
DA:170,0
DA:175,0
DA:180,0
DA:181,0
DA:183,0
DA:188,0
DA:189,0
DA:190,0
DA:191,0
DA:192,0
DA:195,0
DA:198,0
LF:52
LH:0
BRDA:54,0,0,0
BRDA:54,0,1,0
BRDA:54,1,0,0
BRDA:54,1,1,0
BRDA:79,2,0,0
BRDA:79,2,1,0
BRDA:79,3,0,0
BRDA:79,3,1,0
BRDA:84,4,0,0
BRDA:84,4,1,0
BRDA:98,5,0,0
BRDA:98,5,1,0
BRDA:98,6,0,0
BRDA:98,6,1,0
BRDA:116,7,0,0
BRDA:116,7,1,0
BRDA:125,8,0,0
BRDA:125,8,1,0
BRDA:126,9,0,0
BRDA:126,9,1,0
BRDA:126,9,2,0
BRDA:160,10,0,0
BRDA:160,10,1,0
BRDA:160,11,0,0
BRDA:160,11,1,0
BRDA:163,12,0,0
BRDA:163,12,1,0
BRDA:180,13,0,0
BRDA:180,13,1,0
BRDA:188,14,0,0
BRDA:188,14,1,0
BRDA:188,15,0,0
BRDA:188,15,1,0
BRDA:191,16,0,0
BRDA:191,16,1,0
BRF:35
BRH:0
end_of_record
TN:
SF:src\workflow\workflow.controller.ts
FN:7,(anonymous_4)
FN:10,(anonymous_5)
FNF:2
FNH:0
FNDA:0,(anonymous_4)
FNDA:0,(anonymous_5)
DA:1,0
DA:2,0
DA:3,0
DA:6,0
DA:7,0
DA:10,0
DA:15,0
DA:20,0
LF:8
LH:0
BRF:0
BRH:0
end_of_record
TN:
SF:src\workflow\workflow.engine.ts
FN:11,(anonymous_2)
FN:13,(anonymous_3)
FNF:2
FNH:2
FNDA:1,(anonymous_2)
FNDA:8,(anonymous_3)
DA:1,1
DA:2,1
DA:4,1
DA:5,1
DA:8,1
DA:9,1
DA:11,1
DA:19,8
DA:24,8
DA:26,8
DA:27,2
DA:30,2
DA:33,6
DA:39,6
DA:40,3
DA:43,3
DA:46,3
DA:47,2
DA:51,2
DA:53,2
DA:54,1
DA:57,1
DA:61,2
LF:23
LH:23
BRDA:26,0,0,2
BRDA:26,0,1,6
BRDA:26,1,0,8
BRDA:26,1,1,7
BRDA:39,2,0,3
BRDA:39,2,1,3
BRDA:46,3,0,2
BRDA:46,3,1,1
BRDA:51,4,0,2
BRDA:51,4,1,0
BRDA:53,5,0,1
BRDA:53,5,1,1
BRF:12
BRH:11
end_of_record
TN:
SF:src\workflow\workflow.module.ts
FN:22,(anonymous_1)
FNF:1
FNH:0
FNDA:0,(anonymous_1)
DA:1,0
DA:2,0
DA:3,0
DA:4,0
DA:22,0
DA:27,0
LF:6
LH:0
BRF:0
BRH:0
end_of_record
TN:
SF:src\workflow\workflow.repository.ts
FN:6,(anonymous_2)
FN:8,(anonymous_3)
FN:14,(anonymous_4)
FNF:3
FNH:3
FNDA:1,(anonymous_2)
FNDA:8,(anonymous_3)
FNDA:6,(anonymous_4)
DA:1,1
DA:2,1
DA:5,1
DA:6,1
DA:9,8
DA:19,6
LF:6
LH:6
BRF:0
BRH:0
end_of_record
TN:
SF:src\workflow\workflow.service.ts
FN:21,(anonymous_4)
FN:29,(anonymous_5)
FNF:2
FNH:0
FNDA:0,(anonymous_4)
FNDA:0,(anonymous_5)
DA:1,0
DA:2,0
DA:14,0
DA:15,0
DA:18,0
DA:19,0
DA:23,0
DA:26,0
DA:40,0
DA:44,0
DA:51,0
DA:62,0
LF:12
LH:0
BRDA:48,0,0,0
BRDA:48,0,1,0
BRDA:58,1,0,0
BRDA:58,1,1,0
BRF:4
BRH:0
end_of_record
TN:
SF:src\workflow\dto\configure-run.dto.ts
FNF:0
FNH:0
DA:1,0
DA:3,0
DA:5,0
LF:3
LH:0
BRF:0
BRH:0
end_of_record
TN:
SF:src\workflow\dto\transition.dto.ts
FNF:0
FNH:0
DA:1,0
DA:3,0
DA:5,0
DA:8,0
DA:12,0
LF:5
LH:0
BRF:0
BRH:0
end_of_record
TN:
SF:src\workflow\utils\eval-condition.ts
FN:17,evalCondition
FNF:1
FNH:1
FNDA:2,evalCondition
DA:1,1
DA:2,1
DA:3,1
DA:17,1
DA:21,2
DA:23,2
DA:24,2
DA:26,2
DA:27,0
DA:28,0
DA:33,2
DA:35,0
DA:40,0
LF:13
LH:9
BRDA:26,0,0,0
BRDA:26,0,1,2
BRDA:37,1,0,0
BRDA:37,1,1,0
BRF:4
BRH:1
end_of_record
